#
# There is insufficient memory for the Java Runtime Environment to continue.
# Native memory allocation (malloc) failed to allocate 32744 bytes for ChunkPool::allocate
# Possible reasons:
#   The system is out of physical RAM or swap space
#   In 32 bit mode, the process size limit was hit
# Possible solutions:
#   Reduce memory load on the system
#   Increase physical memory or swap space
#   Check if swap backing store is full
#   Use 64 bit Java on a 64 bit OS
#   Decrease Java heap size (-Xmx/-Xms)
#   Decrease number of Java threads
#   Decrease Java thread stack sizes (-Xss)
#   Set larger code cache with -XX:ReservedCodeCacheSize=
# This output file may be truncated or incomplete.
#
#  Out of Memory Error (allocation.cpp:273), pid=7520, tid=0x0000000000002328
#
# JRE version: Java(TM) SE Runtime Environment (8.0_101-b13) (build 1.8.0_101-b13)
# Java VM: Java HotSpot(TM) 64-Bit Server VM (25.101-b13 mixed mode windows-amd64 compressed oops)
# Failed to write core dump. Minidumps are not enabled by default on client versions of Windows
#

---------------  T H R E A D  ---------------

Current thread (0x0000000055186800):  JavaThread "C2 CompilerThread0" daemon [_thread_in_native, id=9000, stack(0x0000000056270000,0x0000000056370000)]

Stack: [0x0000000056270000,0x0000000056370000]
[error occurred during error reporting (printing stack bounds), id 0xc0000005]

Native frames: (J=compiled Java code, j=interpreted, Vv=VM code, C=native code)


Current CompileTask:
C2:   2511 1188       4       com.android.dx.ssa.SCCP::simulateBranch (666 bytes)


---------------  P R O C E S S  ---------------

Java Threads: ( => current thread )
  0x0000000056e4d800 JavaThread "pool-2-thread-4" [_thread_blocked, id=9028, stack(0x0000000057ad0000,0x0000000057bd0000)]
  0x0000000056e09000 JavaThread "pool-2-thread-3" [_thread_blocked, id=9080, stack(0x0000000057800000,0x0000000057900000)]
  0x0000000056e02000 JavaThread "pool-2-thread-2" [_thread_blocked, id=9096, stack(0x0000000057600000,0x0000000057700000)]
  0x0000000056dca000 JavaThread "pool-3-thread-1" [_thread_blocked, id=8820, stack(0x0000000057460000,0x0000000057560000)]
  0x0000000056dc8000 JavaThread "pool-2-thread-1" [_thread_in_vm, id=8716, stack(0x0000000057040000,0x0000000057140000)]
  0x000000005518f800 JavaThread "Service Thread" daemon [_thread_blocked, id=7200, stack(0x0000000057160000,0x0000000057260000)]
  0x000000005518c000 JavaThread "C1 CompilerThread2" daemon [_thread_blocked, id=6412, stack(0x0000000056a70000,0x0000000056b70000)]
  0x000000005518a800 JavaThread "C2 CompilerThread1" daemon [_thread_in_native, id=7892, stack(0x0000000056940000,0x0000000056a40000)]
=>0x0000000055186800 JavaThread "C2 CompilerThread0" daemon [_thread_in_native, id=9000, stack(0x0000000056270000,0x0000000056370000)]
  0x0000000055182000 JavaThread "Attach Listener" daemon [_thread_blocked, id=7984, stack(0x0000000056770000,0x0000000056870000)]
  0x0000000055181000 JavaThread "Signal Dispatcher" daemon [_thread_blocked, id=9008, stack(0x0000000056670000,0x0000000056770000)]
  0x0000000055169800 JavaThread "Finalizer" daemon [_thread_blocked, id=6320, stack(0x0000000056520000,0x0000000056620000)]
  0x0000000055122000 JavaThread "Reference Handler" daemon [_thread_blocked, id=7304, stack(0x0000000056410000,0x0000000056510000)]
  0x000000000216e000 JavaThread "main" [_thread_blocked, id=8976, stack(0x0000000002560000,0x0000000002660000)]

Other Threads:
  0x000000005511a800 VMThread [stack: 0x0000000056120000,0x0000000056220000] [id=8952]
  0x0000000056c10000 WatcherThread [stack: 0x0000000057260000,0x0000000057360000] [id=6060]

VM state:not at safepoint (normal execution)

VM Mutex/Monitor currently owned by a thread: None

Heap:
 PSYoungGen      total 37888K, used 30194K [0x00000000eab00000, 0x00000000ed500000, 0x0000000100000000)
  eden space 32768K, 92% used [0x00000000eab00000,0x00000000ec87c970,0x00000000ecb00000)
  from space 5120K, 0% used [0x00000000ed000000,0x00000000ed000000,0x00000000ed500000)
  to   space 5120K, 0% used [0x00000000ecb00000,0x00000000ecb00000,0x00000000ed000000)
 ParOldGen       total 86016K, used 0K [0x00000000c0000000, 0x00000000c5400000, 0x00000000eab00000)
  object space 86016K, 0% used [0x00000000c0000000,0x00000000c0000000,0x00000000c5400000)
 Metaspace       used 5845K, capacity 6896K, committed 7040K, reserved 1056768K
  class space    used 590K, capacity 616K, committed 640K, reserved 1048576K

Card table byte_map: [0x0000000011cf0000,0x0000000011f00000] byte_map_base: 0x00000000116f0000

Marking Bits: (ParMarkBitMap*) 0x000000006e9da6d0
 Begin Bits: [0x0000000012590000, 0x0000000013590000)
 End Bits:   [0x0000000013590000, 0x0000000014590000)

Polling page: 0x0000000001b60000

CodeCache: size=245760Kb used=4590Kb max_used=4601Kb free=241169Kb
 bounds [0x0000000002930000, 0x0000000002dc0000, 0x0000000011930000]
 total_blobs=1438 nmethods=1175 adapters=176
 compilation: enabled

Compilation events (10 events):
Event: 2.489 Thread 0x000000005518c000 nmethod 1166 0x0000000002d98690 code [0x0000000002d987e0, 0x0000000002d98930]
Event: 2.489 Thread 0x000000005518c000 1172       3       java.util.TreeMap$PrivateEntryIterator::<init> (28 bytes)
Event: 2.489 Thread 0x000000005518c000 nmethod 1172 0x0000000002d976d0 code [0x0000000002d97840, 0x0000000002d97a50]
Event: 2.489 Thread 0x000000005518c000 1165       1       com.android.dx.ssa.back.FirstFitLocalCombiningAllocator$Multiset::getSize (5 bytes)
Event: 2.489 Thread 0x000000005518c000 nmethod 1165 0x0000000002dac610 code [0x0000000002dac760, 0x0000000002dac870]
Event: 2.493 Thread 0x0000000055186800 nmethod 1163 0x0000000002daa8d0 code [0x0000000002daaa60, 0x0000000002daae88]
Event: 2.495 Thread 0x0000000055186800 1179       4       java.io.DataInputStream::readUnsignedShort (39 bytes)
Event: 2.498 Thread 0x0000000055186800 nmethod 1179 0x0000000002db1710 code [0x0000000002db1860, 0x0000000002db1a78]
Event: 2.498 Thread 0x0000000055186800 1188       4       com.android.dx.ssa.SCCP::simulateBranch (666 bytes)
Event: 2.498 Thread 0x000000005518a800 1191   !   4       com.android.dx.cf.code.BytecodeArray::parseInstruction (2764 bytes)

GC Heap History (0 events):
No events

Deoptimization events (1 events):
Event: 2.454 Thread 0x0000000056e4d800 Uncommon trap: reason=unstable_if action=reinterpret pc=0x0000000002bfcc84 method=com.android.dx.rop.cst.Constant.compareTo(Lcom/android/dx/rop/cst/Constant;)I @ 12

Internal exceptions (2 events):
Event: 0.055 Thread 0x000000000216e000 Exception <a 'java/lang/NoSuchMethodError': Method sun.misc.Unsafe.defineClass(Ljava/lang/String;[BII)Ljava/lang/Class; name or signature does not match> (0x00000000eab07cc0) thrown at [C:\re\workspace\8-2-build-windows-amd64-cygwin\jdk8u101\7261\hotspot\sÐ@…ŽŽ¬?
Event: 0.055 Thread 0x000000000216e000 Exception <a 'java/lang/NoSuchMethodError': Method sun.misc.Unsafe.prefetchRead(Ljava/lang/Object;J)V name or signature does not match> (0x00000000eab07fa8) thrown at [C:\re\workspace\8-2-build-windows-amd64-cygwin\jdk8u101\7261\hotspot\src\share\vm\prims\

Events (10 events):
Event: 1.331 loading class com/android/dx/cf/code/SwitchList done
Event: 1.587 Thread 0x0000000056dc8000 DEOPT PACKING pc=0x0000000002b8a059 sp=0x000000005713e620
Event: 1.587 Thread 0x0000000056dc8000 DEOPT UNPACKING pc=0x000000000297787f sp=0x000000005713e368 mode 0
Event: 1.845 Executing VM operation: ForceSafepoint
Event: 1.845 Executing VM operation: ForceSafepoint done
Event: 2.364 loading class com/android/dx/cf/attrib/AttLocalVariableTypeTable
Event: 2.364 loading class com/android/dx/cf/attrib/AttLocalVariableTypeTable done
Event: 2.454 Thread 0x0000000056e4d800 Uncommon trap: trap_request=0xffffff65 fr.pc=0x0000000002bfcc84
Event: 2.454 Thread 0x0000000056e4d800 DEOPT PACKING pc=0x0000000002bfcc84 sp=0x0000000057bce5b0
Event: 2.454 Thread 0x0000000056e4d800 DEOPT UNPACKING pc=0x000000000297582a sp=0x0000000057bce550 mode 2


Dynamic libraries:
0x000000013ff70000 - 0x000000013ffa7000 	C:\Program Files\Java\jdk1.8.0_101\bin\java.exe
0x0000000077c40000 - 0x0000000077de9000 	C:\Windows\SYSTEM32\ntdll.dll
0x0000000077b20000 - 0x0000000077c3f000 	C:\Windows\system32\kernel32.dll
0x000007fefdc40000 - 0x000007fefdcab000 	C:\Windows\system32\KERNELBASE.dll
0x000007fefecc0000 - 0x000007fefed9b000 	C:\Windows\system32\ADVAPI32.dll
0x000007feffe90000 - 0x000007fefff2f000 	C:\Windows\system32\msvcrt.dll
0x000007fefff30000 - 0x000007fefff4f000 	C:\Windows\SYSTEM32\sechost.dll
0x000007fefe740000 - 0x000007fefe86d000 	C:\Windows\system32\RPCRT4.dll
0x0000000077a20000 - 0x0000000077b1a000 	C:\Windows\system32\USER32.dll
0x000007fefe2f0000 - 0x000007fefe357000 	C:\Windows\system32\GDI32.dll
0x000007fefec20000 - 0x000007fefec2e000 	C:\Windows\system32\LPK.dll
0x000007fefeb50000 - 0x000007fefec19000 	C:\Windows\system32\USP10.dll
0x000007fefc540000 - 0x000007fefc734000 	C:\Windows\WinSxS\amd64_microsoft.windows.common-controls_6595b64144ccf1df_6.0.7601.17514_none_fa396087175ac9ac\COMCTL32.dll
0x000007fefec40000 - 0x000007fefecb1000 	C:\Windows\system32\SHLWAPI.dll
0x000007fefe360000 - 0x000007fefe38e000 	C:\Windows\system32\IMM32.DLL
0x000007fefe510000 - 0x000007fefe619000 	C:\Windows\system32\MSCTF.dll
0x000000005a930000 - 0x000000005aa02000 	C:\Program Files\Java\jdk1.8.0_101\jre\bin\msvcr100.dll
0x000000006e1c0000 - 0x000000006ea5a000 	C:\Program Files\Java\jdk1.8.0_101\jre\bin\server\jvm.dll
0x000007fef9ff0000 - 0x000007fef9ff9000 	C:\Windows\system32\WSOCK32.dll
0x000007fefe8d0000 - 0x000007fefe91d000 	C:\Windows\system32\WS2_32.dll
0x000007fefec30000 - 0x000007fefec38000 	C:\Windows\system32\NSI.dll
0x000007fefa7e0000 - 0x000007fefa81b000 	C:\Windows\system32\WINMM.dll
0x000007fefccf0000 - 0x000007fefccfc000 	C:\Windows\system32\VERSION.dll
0x0000000077e00000 - 0x0000000077e07000 	C:\Windows\system32\PSAPI.DLL
0x00000000743d0000 - 0x00000000743df000 	C:\Program Files\Java\jdk1.8.0_101\jre\bin\verify.dll
0x00000000743a0000 - 0x00000000743c9000 	C:\Program Files\Java\jdk1.8.0_101\jre\bin\java.dll
0x0000000074380000 - 0x0000000074396000 	C:\Program Files\Java\jdk1.8.0_101\jre\bin\zip.dll
0x000007fefef80000 - 0x000007feffd08000 	C:\Windows\system32\SHELL32.dll
0x000007fefe920000 - 0x000007fefeb23000 	C:\Windows\system32\ole32.dll
0x000007fefdb90000 - 0x000007fefdb9f000 	C:\Windows\system32\profapi.dll

VM Arguments:
jvm_args: -Djava.awt.headless=true -Xmx1024M -Dfile.encoding=windows-1252 -Duser.country=US -Duser.language=en -Duser.variant 
java_command: com.android.dx.command.Main --dex --force-jumbo --num-threads=4 --multi-dex --output D:\MyPC\workplaceproject\EcommerceApp\app\build\intermediates\transforms\dex\debug\folders\1000\10\com.android.support-support-core-ui-25.3.1_a1bb49974f1a731a00982a526191d66620715362 D:\MyPC\workplaceproject\EcommerceApp\app\build\intermediates\exploded-aar\com.android.support\support-core-ui\25.3.1\jars\classes.jar
java_class_path (initial): C:\Users\db\AppData\Local\Android\Sdk\build-tools\25.0.2\lib\dx.jar
Launcher Type: SUN_STANDARD

Environment Variables:
PATH=C:\Program Files (x86)\Common Files\Intel\Shared Files\cpp\bin\Intel64;C:\Python27\;C:\Python27\Scripts;C:\ProgramData\Oracle\Java\javapath;c:\OraHome_1\bin;c:\OraHome_1\jre\1.4.2\bin\client;c:\OraHome_1\jre\1.4.2\bin;c:\DevSuiteHome_1\jdk\jre\bin\classic;c:\DevSuiteHome_1\jdk\jre\bin;c:\DevSuiteHome_1\jdk\jre\bin\client;c:\DevSuiteHome_1\jlib;c:\DevSuiteHome_1\bin;c:\DevSuiteHome_1\jre\1.4.2\bin\client;c:\DevSuiteHome_1\jre\1.4.2\bin;C:\Windows\system32;C:\Windows;C:\Windows\System32\Wbem;C:\Windows\System32\WindowsPowerShell\v1.0\;C:\Program Files\Java\jdk1.8.0_101\bin;C:\Program Files (x86)\Skype\Phone\;C:\Program Files\nodejs\;C:\Users\db\AppData\Local\atom\bin;C:\Users\db\AppData\Roaming\npm
USERNAME=db
OS=Windows_NT
PROCESSOR_IDENTIFIER=Intel64 Family 6 Model 60 Stepping 3, GenuineIntel



---------------  S Y S T E M  ---------------

OS: Windows 7 , 64 bit Build 7601 (6.1.7601.17514)

CPU:total 4 (2 cores per cpu, 2 threads per core) family 6 model 60 stepping 3, cmov, cx8, fxsr, mmx, sse, sse2, sse3, ssse3, sse4.1, sse4.2, popcnt, avx, avx2, aes, clmul, erms, lzcnt, ht, tsc, tscinvbit, bmi1, bmi2

Memory: 4k page, physical 8256556k(959048k free), swap 9893108k(4648k free)

vm_info: Java HotSpot(TM) 64-Bit Server VM (25.101-b13) for windows-amd64 JRE (1.8.0_101-b13), built on Jun 22 2016 01:21:29 by "java_re" with MS VC++ 10.0 (VS2010)

time: Tue Jun 27 18:29:31 2017
elapsed time: 2 seconds (0d 0h 0m 2s)

