#
# There is insufficient memory for the Java Runtime Environment to continue.
# Native memory allocation (malloc) failed to allocate 481936 bytes for Chunk::new
# Possible reasons:
#   The system is out of physical RAM or swap space
#   In 32 bit mode, the process size limit was hit
# Possible solutions:
#   Reduce memory load on the system
#   Increase physical memory or swap space
#   Check if swap backing store is full
#   Use 64 bit Java on a 64 bit OS
#   Decrease Java heap size (-Xmx/-Xms)
#   Decrease number of Java threads
#   Decrease Java thread stack sizes (-Xss)
#   Set larger code cache with -XX:ReservedCodeCacheSize=
# This output file may be truncated or incomplete.
#
#  Out of Memory Error (allocation.cpp:390), pid=8008, tid=0x0000000000002118
#
# JRE version: Java(TM) SE Runtime Environment (8.0_101-b13) (build 1.8.0_101-b13)
# Java VM: Java HotSpot(TM) 64-Bit Server VM (25.101-b13 mixed mode windows-amd64 compressed oops)
# Failed to write core dump. Minidumps are not enabled by default on client versions of Windows
#

---------------  T H R E A D  ---------------

Current thread (0x0000000054ff4000):  JavaThread "C2 CompilerThread0" daemon [_thread_in_native, id=8472, stack(0x00000000568e0000,0x00000000569e0000)]

Stack: [0x00000000568e0000,0x00000000569e0000]
[error occurred during error reporting (printing stack bounds), id 0xc0000005]

Native frames: (J=compiled Java code, j=interpreted, Vv=VM code, C=native code)


Current CompileTask:
C2:   2245 1031   !   4       com.android.dx.cf.code.BytecodeArray::parseInstruction (2764 bytes)


---------------  P R O C E S S  ---------------

Java Threads: ( => current thread )
  0x0000000056f9d000 JavaThread "pool-2-thread-4" [_thread_blocked, id=7792, stack(0x0000000057a00000,0x0000000057b00000)]
  0x0000000056f9c000 JavaThread "pool-2-thread-3" [_thread_blocked, id=8276, stack(0x0000000057850000,0x0000000057950000)]
  0x0000000056f9b000 JavaThread "pool-2-thread-2" [_thread_blocked, id=8284, stack(0x00000000564b0000,0x00000000565b0000)]
  0x0000000056f31800 JavaThread "pool-3-thread-1" [_thread_blocked, id=8280, stack(0x00000000575d0000,0x00000000576d0000)]
  0x0000000056f0f800 JavaThread "pool-2-thread-1" [_thread_in_Java, id=7900, stack(0x0000000057490000,0x0000000057590000)]
  0x0000000056df8800 JavaThread "Service Thread" daemon [_thread_blocked, id=8508, stack(0x00000000569e0000,0x0000000056ae0000)]
  0x0000000054ff9000 JavaThread "C1 CompilerThread2" daemon [_thread_blocked, id=8676, stack(0x0000000056cf0000,0x0000000056df0000)]
  0x0000000054ff8000 JavaThread "C2 CompilerThread1" daemon [_thread_blocked, id=7568, stack(0x0000000056b80000,0x0000000056c80000)]
=>0x0000000054ff4000 JavaThread "C2 CompilerThread0" daemon [_thread_in_native, id=8472, stack(0x00000000568e0000,0x00000000569e0000)]
  0x0000000054fef800 JavaThread "Attach Listener" daemon [_thread_blocked, id=6732, stack(0x0000000056740000,0x0000000056840000)]
  0x0000000054ffe800 JavaThread "Signal Dispatcher" daemon [_thread_blocked, id=8324, stack(0x00000000565c0000,0x00000000566c0000)]
  0x0000000054fd3800 JavaThread "Finalizer" daemon [_thread_blocked, id=6296, stack(0x00000000561b0000,0x00000000562b0000)]
  0x0000000054f92000 JavaThread "Reference Handler" daemon [_thread_blocked, id=5156, stack(0x0000000056380000,0x0000000056480000)]
  0x00000000021ce000 JavaThread "main" [_thread_blocked, id=6744, stack(0x0000000002530000,0x0000000002630000)]

Other Threads:
  0x0000000054f8a800 VMThread [stack: 0x00000000560b0000,0x00000000561b0000] [id=8392]
  0x0000000056e70000 WatcherThread [stack: 0x0000000057300000,0x0000000057400000] [id=8688]

VM state:not at safepoint (normal execution)

VM Mutex/Monitor currently owned by a thread: None

Heap:
 PSYoungGen      total 37888K, used 28464K [0x00000000eab00000, 0x00000000ed500000, 0x0000000100000000)
  eden space 32768K, 71% used [0x00000000eab00000,0x00000000ec1d01f0,0x00000000ecb00000)
  from space 5120K, 99% used [0x00000000ecb00000,0x00000000ecffc048,0x00000000ed000000)
  to   space 5120K, 0% used [0x00000000ed000000,0x00000000ed000000,0x00000000ed500000)
 ParOldGen       total 86016K, used 1339K [0x00000000c0000000, 0x00000000c5400000, 0x00000000eab00000)
  object space 86016K, 1% used [0x00000000c0000000,0x00000000c014ed90,0x00000000c5400000)
 Metaspace       used 5653K, capacity 6832K, committed 7040K, reserved 1056768K
  class space    used 581K, capacity 616K, committed 640K, reserved 1048576K

Card table byte_map: [0x0000000011cc0000,0x0000000011ed0000] byte_map_base: 0x00000000116c0000

Marking Bits: (ParMarkBitMap*) 0x000000006e9da6d0
 Begin Bits: [0x0000000012400000, 0x0000000013400000)
 End Bits:   [0x0000000013400000, 0x0000000014400000)

Polling page: 0x0000000000140000

CodeCache: size=245760Kb used=4102Kb max_used=4115Kb free=241658Kb
 bounds [0x0000000002900000, 0x0000000002d10000, 0x0000000011900000]
 total_blobs=1286 nmethods=1024 adapters=175
 compilation: enabled

Compilation events (10 events):
Event: 2.159 Thread 0x0000000054ff8000 1017       4       com.android.dx.util.LabeledList::set (45 bytes)
Event: 2.167 Thread 0x0000000054ff8000 nmethod 1017 0x0000000002d01e90 code [0x0000000002d02000, 0x0000000002d026f8]
Event: 2.167 Thread 0x0000000054ff8000 1032       4       java.util.AbstractMap::<init> (5 bytes)
Event: 2.167 Thread 0x0000000054ff8000 nmethod 1032 0x0000000002cc5b10 code [0x0000000002cc5c40, 0x0000000002cc5c98]
Event: 2.167 Thread 0x0000000054ff8000 1053       4       java.util.HashMap::put (13 bytes)
Event: 2.175 Thread 0x0000000054ff8000 nmethod 1053 0x0000000002cfd010 code [0x0000000002cfd1c0, 0x0000000002cfd9c8]
Event: 2.175 Thread 0x0000000054ff8000 1074       4       com.android.dx.ssa.Dominators::eval (29 bytes)
Event: 2.205 Thread 0x0000000054ff8000 nmethod 1074 0x0000000002d07390 code [0x0000000002d07580, 0x0000000002d084a8]
Event: 2.205 Thread 0x0000000054ff8000  938       4       com.android.dx.ssa.back.RegisterAllocator::getDefinitionSpecForSsaReg (22 bytes)
Event: 2.208 Thread 0x0000000054ff8000 nmethod 938 0x0000000002cfca10 code [0x0000000002cfcb80, 0x0000000002cfcdc8]

GC Heap History (2 events):
Event: 1.326 GC heap before
{Heap before GC invocations=1 (full 0):
 PSYoungGen      total 37888K, used 32768K [0x00000000eab00000, 0x00000000ed500000, 0x0000000100000000)
  eden space 32768K, 100% used [0x00000000eab00000,0x00000000ecb00000,0x00000000ecb00000)
  from space 5120K, 0% used [0x00000000ed000000,0x00000000ed000000,0x00000000ed500000)
  to   space 5120K, 0% used [0x00000000ecb00000,0x00000000ecb00000,0x00000000ed000000)
 ParOldGen       total 86016K, used 0K [0x00000000c0000000, 0x00000000c5400000, 0x00000000eab00000)
  object space 86016K, 0% used [0x00000000c0000000,0x00000000c0000000,0x00000000c5400000)
 Metaspace       used 5611K, capacity 6768K, committed 7040K, reserved 1056768K
  class space    used 578K, capacity 616K, committed 640K, reserved 1048576K
Event: 1.788 GC heap after
Heap after GC invocations=1 (full 0):
 PSYoungGen      total 37888K, used 5104K [0x00000000eab00000, 0x00000000ed500000, 0x0000000100000000)
  eden space 32768K, 0% used [0x00000000eab00000,0x00000000eab00000,0x00000000ecb00000)
  from space 5120K, 99% used [0x00000000ecb00000,0x00000000ecffc048,0x00000000ed000000)
  to   space 5120K, 0% used [0x00000000ed000000,0x00000000ed000000,0x00000000ed500000)
 ParOldGen       total 86016K, used 1339K [0x00000000c0000000, 0x00000000c5400000, 0x00000000eab00000)
  object space 86016K, 1% used [0x00000000c0000000,0x00000000c014ed90,0x00000000c5400000)
 Metaspace       used 5611K, capacity 6768K, committed 7040K, reserved 1056768K
  class space    used 578K, capacity 616K, committed 640K, reserved 1048576K
}

Deoptimization events (5 events):
Event: 0.570 Thread 0x0000000056f9b000 Uncommon trap: reason=unstable_if action=reinterpret pc=0x0000000002ad086c method=com.android.dx.rop.code.RegisterSpec.equals(ILcom/android/dx/rop/type/TypeBearer;Lcom/android/dx/rop/code/LocalItem;)Z @ 16
Event: 0.657 Thread 0x0000000056f9b000 Uncommon trap: reason=null_check action=make_not_entrant pc=0x0000000002b69e58 method=com.android.dx.ssa.SsaRenamer.getLocalForNewReg(I)Lcom/android/dx/rop/code/LocalItem; @ 19
Event: 1.236 Thread 0x00000000021ce000 Uncommon trap: reason=unstable_if action=reinterpret pc=0x0000000002b08b0c method=java.lang.String.<init>([CII)V @ 18
Event: 1.979 Thread 0x00000000021ce000 Uncommon trap: reason=unstable_if action=reinterpret pc=0x0000000002bbf728 method=java.lang.String.<init>([CII)V @ 18
Event: 2.011 Thread 0x00000000021ce000 Uncommon trap: reason=unstable_if action=reinterpret pc=0x0000000002c3962c method=com.android.dx.rop.code.RegisterSpec.withReg(I)Lcom/android/dx/rop/code/RegisterSpec; @ 5

Internal exceptions (3 events):
Event: 0.048 Thread 0x00000000021ce000 Exception <a 'java/lang/NoSuchMethodError': Method sun.misc.Unsafe.defineClass(Ljava/lang/String;[BII)Ljava/lang/Class; name or signature does not match> (0x00000000eab07cc0) thrown at [C:\re\workspace\8-2-build-windows-amd64-cygwin\jdk8u101\7261\hotspot\s¯è?ßë®?
Event: 0.048 Thread 0x00000000021ce000 Exception <a 'java/lang/NoSuchMethodError': Method sun.misc.Unsafe.prefetchRead(Ljava/lang/Object;J)V name or signature does not match> (0x00000000eab07fa8) thrown at [C:\re\workspace\8-2-build-windows-amd64-cygwin\jdk8u101\7261\hotspot\src\share\vm\prims\û€@∂Â?
Event: 0.657 Thread 0x0000000056f9b000 Implicit null exception at 0x0000000002b68343 to 0x0000000002b69e39

Events (10 events):
Event: 1.999 loading class com/android/dx/cf/attrib/AttConstantValue done
Event: 2.011 Thread 0x00000000021ce000 Uncommon trap: trap_request=0xffffff65 fr.pc=0x0000000002c3962c
Event: 2.012 Thread 0x00000000021ce000 DEOPT PACKING pc=0x0000000002c3962c sp=0x000000000262e050
Event: 2.012 Thread 0x00000000021ce000 DEOPT UNPACKING pc=0x000000000294582a sp=0x000000000262df80 mode 2
Event: 2.026 loading class java/util/TreeMap$EntrySet
Event: 2.026 loading class java/util/TreeMap$EntrySet done
Event: 2.026 loading class java/util/TreeMap$EntryIterator
Event: 2.026 loading class java/util/TreeMap$EntryIterator done
Event: 2.026 Executing VM operation: Deoptimize
Event: 2.103 Executing VM operation: Deoptimize done


Dynamic libraries:
0x000000013ff70000 - 0x000000013ffa7000 	C:\Program Files\Java\jdk1.8.0_101\bin\java.exe
0x0000000077c40000 - 0x0000000077de9000 	C:\Windows\SYSTEM32\ntdll.dll
0x0000000077b20000 - 0x0000000077c3f000 	C:\Windows\system32\kernel32.dll
0x000007fefdc40000 - 0x000007fefdcab000 	C:\Windows\system32\KERNELBASE.dll
0x000007fefecc0000 - 0x000007fefed9b000 	C:\Windows\system32\ADVAPI32.dll
0x000007feffe90000 - 0x000007fefff2f000 	C:\Windows\system32\msvcrt.dll
0x000007fefff30000 - 0x000007fefff4f000 	C:\Windows\SYSTEM32\sechost.dll
0x000007fefe740000 - 0x000007fefe86d000 	C:\Windows\system32\RPCRT4.dll
0x0000000077a20000 - 0x0000000077b1a000 	C:\Windows\system32\USER32.dll
0x000007fefe2f0000 - 0x000007fefe357000 	C:\Windows\system32\GDI32.dll
0x000007fefec20000 - 0x000007fefec2e000 	C:\Windows\system32\LPK.dll
0x000007fefeb50000 - 0x000007fefec19000 	C:\Windows\system32\USP10.dll
0x000007fefc540000 - 0x000007fefc734000 	C:\Windows\WinSxS\amd64_microsoft.windows.common-controls_6595b64144ccf1df_6.0.7601.17514_none_fa396087175ac9ac\COMCTL32.dll
0x000007fefec40000 - 0x000007fefecb1000 	C:\Windows\system32\SHLWAPI.dll
0x000007fefe360000 - 0x000007fefe38e000 	C:\Windows\system32\IMM32.DLL
0x000007fefe510000 - 0x000007fefe619000 	C:\Windows\system32\MSCTF.dll
0x000000005a930000 - 0x000000005aa02000 	C:\Program Files\Java\jdk1.8.0_101\jre\bin\msvcr100.dll
0x000000006e1c0000 - 0x000000006ea5a000 	C:\Program Files\Java\jdk1.8.0_101\jre\bin\server\jvm.dll
0x000007fef9ff0000 - 0x000007fef9ff9000 	C:\Windows\system32\WSOCK32.dll
0x000007fefe8d0000 - 0x000007fefe91d000 	C:\Windows\system32\WS2_32.dll
0x000007fefec30000 - 0x000007fefec38000 	C:\Windows\system32\NSI.dll
0x000007fefa7e0000 - 0x000007fefa81b000 	C:\Windows\system32\WINMM.dll
0x000007fefccf0000 - 0x000007fefccfc000 	C:\Windows\system32\VERSION.dll
0x0000000077e00000 - 0x0000000077e07000 	C:\Windows\system32\PSAPI.DLL
0x00000000743d0000 - 0x00000000743df000 	C:\Program Files\Java\jdk1.8.0_101\jre\bin\verify.dll
0x00000000743a0000 - 0x00000000743c9000 	C:\Program Files\Java\jdk1.8.0_101\jre\bin\java.dll
0x0000000074380000 - 0x0000000074396000 	C:\Program Files\Java\jdk1.8.0_101\jre\bin\zip.dll
0x000007fefef80000 - 0x000007feffd08000 	C:\Windows\system32\SHELL32.dll
0x000007fefe920000 - 0x000007fefeb23000 	C:\Windows\system32\ole32.dll
0x000007fefdb90000 - 0x000007fefdb9f000 	C:\Windows\system32\profapi.dll

VM Arguments:
jvm_args: -Djava.awt.headless=true -Xmx1024M -Dfile.encoding=windows-1252 -Duser.country=US -Duser.language=en -Duser.variant 
java_command: com.android.dx.command.Main --dex --force-jumbo --num-threads=4 --multi-dex --output D:\MyPC\workplaceproject\EcommerceApp\app\build\intermediates\transforms\dex\debug\folders\1000\5\slice_1 D:\MyPC\workplaceproject\EcommerceApp\app\build\intermediates\transforms\instantRunSlicer\debug\folders\1\5\slice_1
java_class_path (initial): C:\Users\db\AppData\Local\Android\Sdk\build-tools\25.0.2\lib\dx.jar
Launcher Type: SUN_STANDARD

Environment Variables:
PATH=C:\Program Files (x86)\Common Files\Intel\Shared Files\cpp\bin\Intel64;C:\Python27\;C:\Python27\Scripts;C:\ProgramData\Oracle\Java\javapath;c:\OraHome_1\bin;c:\OraHome_1\jre\1.4.2\bin\client;c:\OraHome_1\jre\1.4.2\bin;c:\DevSuiteHome_1\jdk\jre\bin\classic;c:\DevSuiteHome_1\jdk\jre\bin;c:\DevSuiteHome_1\jdk\jre\bin\client;c:\DevSuiteHome_1\jlib;c:\DevSuiteHome_1\bin;c:\DevSuiteHome_1\jre\1.4.2\bin\client;c:\DevSuiteHome_1\jre\1.4.2\bin;C:\Windows\system32;C:\Windows;C:\Windows\System32\Wbem;C:\Windows\System32\WindowsPowerShell\v1.0\;C:\Program Files\Java\jdk1.8.0_101\bin;C:\Program Files (x86)\Skype\Phone\;C:\Program Files\nodejs\;C:\Users\db\AppData\Local\atom\bin;C:\Users\db\AppData\Roaming\npm
USERNAME=db
OS=Windows_NT
PROCESSOR_IDENTIFIER=Intel64 Family 6 Model 60 Stepping 3, GenuineIntel



---------------  S Y S T E M  ---------------

OS: Windows 7 , 64 bit Build 7601 (6.1.7601.17514)

CPU:total 4 (2 cores per cpu, 2 threads per core) family 6 model 60 stepping 3, cmov, cx8, fxsr, mmx, sse, sse2, sse3, ssse3, sse4.1, sse4.2, popcnt, avx, avx2, aes, clmul, erms, lzcnt, ht, tsc, tscinvbit, bmi1, bmi2

Memory: 4k page, physical 8256556k(971208k free), swap 9893108k(5420k free)

vm_info: Java HotSpot(TM) 64-Bit Server VM (25.101-b13) for windows-amd64 JRE (1.8.0_101-b13), built on Jun 22 2016 01:21:29 by "java_re" with MS VC++ 10.0 (VS2010)

time: Tue Jun 27 18:29:37 2017
elapsed time: 2 seconds (0d 0h 0m 2s)

