#
# There is insufficient memory for the Java Runtime Environment to continue.
# Native memory allocation (malloc) failed to allocate 32744 bytes for ChunkPool::allocate
# Possible reasons:
#   The system is out of physical RAM or swap space
#   In 32 bit mode, the process size limit was hit
# Possible solutions:
#   Reduce memory load on the system
#   Increase physical memory or swap space
#   Check if swap backing store is full
#   Use 64 bit Java on a 64 bit OS
#   Decrease Java heap size (-Xmx/-Xms)
#   Decrease number of Java threads
#   Decrease Java thread stack sizes (-Xss)
#   Set larger code cache with -XX:ReservedCodeCacheSize=
# This output file may be truncated or incomplete.
#
#  Out of Memory Error (allocation.cpp:273), pid=5164, tid=0x0000000000001b34
#
# JRE version: Java(TM) SE Runtime Environment (8.0_101-b13) (build 1.8.0_101-b13)
# Java VM: Java HotSpot(TM) 64-Bit Server VM (25.101-b13 mixed mode windows-amd64 compressed oops)
# Failed to write core dump. Minidumps are not enabled by default on client versions of Windows
#

---------------  T H R E A D  ---------------

Current thread (0x0000000056d42800):  JavaThread "pool-2-thread-2" [_thread_in_vm, id=6964, stack(0x00000000576a0000,0x00000000577a0000)]

Stack: [0x00000000576a0000,0x00000000577a0000]
[error occurred during error reporting (printing stack bounds), id 0xc0000005]

Native frames: (J=compiled Java code, j=interpreted, Vv=VM code, C=native code)

Java frames: (J=compiled Java code, j=interpreted, Vv=VM code)
j  java.lang.ClassLoader.defineClass1(Ljava/lang/String;[BIILjava/security/ProtectionDomain;Ljava/lang/String;)Ljava/lang/Class;+0
j  java.lang.ClassLoader.defineClass(Ljava/lang/String;[BIILjava/security/ProtectionDomain;)Ljava/lang/Class;+27
j  java.security.SecureClassLoader.defineClass(Ljava/lang/String;[BIILjava/security/CodeSource;)Ljava/lang/Class;+12
j  java.net.URLClassLoader.defineClass(Ljava/lang/String;Lsun/misc/Resource;)Ljava/lang/Class;+138
J 193 C1 java.net.URLClassLoader$1.run()Ljava/lang/Class; (63 bytes) @ 0x000000000297fdec [0x000000000297fb20+0x2cc]
J 192 C1 java.net.URLClassLoader$1.run()Ljava/lang/Object; (5 bytes) @ 0x000000000297f78c [0x000000000297f700+0x8c]
v  ~StubRoutines::call_stub
J 243  java.security.AccessController.doPrivileged(Ljava/security/PrivilegedExceptionAction;Ljava/security/AccessControlContext;)Ljava/lang/Object; (0 bytes) @ 0x0000000002990466 [0x0000000002990400+0x66]
J 190 C1 java.net.URLClassLoader.findClass(Ljava/lang/String;)Ljava/lang/Class; (47 bytes) @ 0x000000000297eac4 [0x000000000297e940+0x184]
J 237 C1 java.lang.ClassLoader.loadClass(Ljava/lang/String;Z)Ljava/lang/Class; (122 bytes) @ 0x00000000029950fc [0x00000000029947c0+0x93c]
j  sun.misc.Launcher$AppClassLoader.loadClass(Ljava/lang/String;Z)Ljava/lang/Class;+81
J 324 C1 java.lang.ClassLoader.loadClass(Ljava/lang/String;)Ljava/lang/Class; (7 bytes) @ 0x00000000029bbc44 [0x00000000029bbb40+0x104]
v  ~StubRoutines::call_stub
j  com.android.dx.dex.code.Dops.<clinit>()V+631
v  ~StubRoutines::call_stub
j  com.android.dx.dex.code.ZeroSizeInsn.<init>(Lcom/android/dx/rop/code/SourcePosition;)V+1
j  com.android.dx.dex.code.CodeAddress.<init>(Lcom/android/dx/rop/code/SourcePosition;Z)V+2
j  com.android.dx.dex.code.CodeAddress.<init>(Lcom/android/dx/rop/code/SourcePosition;)V+3
j  com.android.dx.dex.code.BlockAddresses.setupArrays(Lcom/android/dx/rop/code/RopMethod;)V+60
j  com.android.dx.dex.code.BlockAddresses.<init>(Lcom/android/dx/rop/code/RopMethod;)V+40
j  com.android.dx.dex.code.RopTranslator.<init>(Lcom/android/dx/rop/code/RopMethod;ILcom/android/dx/rop/code/LocalVariableInfo;ILcom/android/dx/dex/DexOptions;)V+31
j  com.android.dx.dex.code.RopTranslator.translate(Lcom/android/dx/rop/code/RopMethod;ILcom/android/dx/rop/code/LocalVariableInfo;ILcom/android/dx/dex/DexOptions;)Lcom/android/dx/dex/code/DalvCode;+10
j  com.android.dx.dex.cf.CfTranslator.processMethods(Lcom/android/dx/cf/direct/DirectClassFile;Lcom/android/dx/dex/cf/CfOptions;Lcom/android/dx/dex/DexOptions;Lcom/android/dx/dex/file/ClassDefItem;Lcom/android/dx/dex/file/DexFile;)V+312
j  com.android.dx.dex.cf.CfTranslator.translate0(Lcom/android/dx/cf/direct/DirectClassFile;[BLcom/android/dx/dex/cf/CfOptions;Lcom/android/dx/dex/DexOptions;Lcom/android/dx/dex/file/DexFile;)Lcom/android/dx/dex/file/ClassDefItem;+120
j  com.android.dx.dex.cf.CfTranslator.translate(Lcom/android/dx/cf/direct/DirectClassFile;[BLcom/android/dx/dex/cf/CfOptions;Lcom/android/dx/dex/DexOptions;Lcom/android/dx/dex/file/DexFile;)Lcom/android/dx/dex/file/ClassDefItem;+6
j  com.android.dx.command.dexer.Main.translateClass([BLcom/android/dx/cf/direct/DirectClassFile;)Lcom/android/dx/dex/file/ClassDefItem;+17
j  com.android.dx.command.dexer.Main.access$2700([BLcom/android/dx/cf/direct/DirectClassFile;)Lcom/android/dx/dex/file/ClassDefItem;+2
j  com.android.dx.command.dexer.Main$ClassTranslatorTask.call()Lcom/android/dx/dex/file/ClassDefItem;+8
j  com.android.dx.command.dexer.Main$ClassTranslatorTask.call()Ljava/lang/Object;+1
j  java.util.concurrent.FutureTask.run()V+42
j  java.util.concurrent.ThreadPoolExecutor.runWorker(Ljava/util/concurrent/ThreadPoolExecutor$Worker;)V+95
j  java.util.concurrent.ThreadPoolExecutor$Worker.run()V+5
j  java.lang.Thread.run()V+11
v  ~StubRoutines::call_stub

---------------  P R O C E S S  ---------------

Java Threads: ( => current thread )
  0x0000000056e4b000 JavaThread "pool-2-thread-4" [_thread_blocked, id=7700, stack(0x0000000057ad0000,0x0000000057bd0000)]
  0x0000000056d44000 JavaThread "pool-2-thread-3" [_thread_blocked, id=4264, stack(0x0000000057950000,0x0000000057a50000)]
=>0x0000000056d42800 JavaThread "pool-2-thread-2" [_thread_in_vm, id=6964, stack(0x00000000576a0000,0x00000000577a0000)]
  0x0000000056d41800 JavaThread "pool-3-thread-1" [_thread_blocked, id=8592, stack(0x0000000057540000,0x0000000057640000)]
  0x0000000056d3a000 JavaThread "pool-2-thread-1" [_thread_blocked, id=8308, stack(0x00000000573a0000,0x00000000574a0000)]
  0x0000000056bab000 JavaThread "Service Thread" daemon [_thread_blocked, id=8548, stack(0x0000000057070000,0x0000000057170000)]
  0x0000000055116000 JavaThread "C1 CompilerThread2" daemon [_thread_in_native, id=8532, stack(0x0000000056aa0000,0x0000000056ba0000)]
  0x0000000055115000 JavaThread "C2 CompilerThread1" daemon [_thread_in_vm, id=7372, stack(0x0000000056940000,0x0000000056a40000)]
  0x0000000055110800 JavaThread "C2 CompilerThread0" daemon [_thread_blocked, id=8544, stack(0x0000000056760000,0x0000000056860000)]
  0x000000005510e800 JavaThread "Attach Listener" daemon [_thread_blocked, id=8148, stack(0x00000000562c0000,0x00000000563c0000)]
  0x000000005511c800 JavaThread "Signal Dispatcher" daemon [_thread_blocked, id=8452, stack(0x00000000565c0000,0x00000000566c0000)]
  0x00000000550f9000 JavaThread "Finalizer" daemon [_thread_blocked, id=8732, stack(0x0000000056450000,0x0000000056550000)]
  0x00000000550b2000 JavaThread "Reference Handler" daemon [_thread_blocked, id=8736, stack(0x0000000056020000,0x0000000056120000)]
  0x00000000021de000 JavaThread "main" [_thread_blocked, id=6248, stack(0x00000000023b0000,0x00000000024b0000)]

Other Threads:
  0x00000000550aa800 VMThread [stack: 0x0000000056160000,0x0000000056260000] [id=8504]
  0x0000000056baf800 WatcherThread [stack: 0x0000000057240000,0x0000000057340000] [id=7320]

VM state:not at safepoint (normal execution)

VM Mutex/Monitor currently owned by a thread: None

Heap:
 PSYoungGen      total 37888K, used 11825K [0x00000000eab00000, 0x00000000ed500000, 0x0000000100000000)
  eden space 32768K, 36% used [0x00000000eab00000,0x00000000eb68c4e0,0x00000000ecb00000)
  from space 5120K, 0% used [0x00000000ed000000,0x00000000ed000000,0x00000000ed500000)
  to   space 5120K, 0% used [0x00000000ecb00000,0x00000000ecb00000,0x00000000ed000000)
 ParOldGen       total 86016K, used 0K [0x00000000c0000000, 0x00000000c5400000, 0x00000000eab00000)
  object space 86016K, 0% used [0x00000000c0000000,0x00000000c0000000,0x00000000c5400000)
 Metaspace       used 5159K, capacity 6224K, committed 6528K, reserved 1056768K
  class space    used 574K, capacity 584K, committed 640K, reserved 1048576K

Card table byte_map: [0x0000000011bd0000,0x0000000011de0000] byte_map_base: 0x00000000115d0000

Marking Bits: (ParMarkBitMap*) 0x000000006e9da6d0
 Begin Bits: [0x0000000012520000, 0x0000000013520000)
 End Bits:   [0x0000000013520000, 0x0000000014520000)

Polling page: 0x0000000000330000

CodeCache: size=245760Kb used=1799Kb max_used=1799Kb free=243960Kb
 bounds [0x0000000002810000, 0x0000000002a80000, 0x0000000011810000]
 total_blobs=648 nmethods=380 adapters=181
 compilation: enabled

Compilation events (10 events):
Event: 2.248 Thread 0x0000000055115000  374       4       java.lang.String::startsWith (7 bytes)
Event: 2.250 Thread 0x0000000055110800 nmethod 369 0x00000000029cdad0 code [0x00000000029cdc20, 0x00000000029cde38]
Event: 2.250 Thread 0x0000000055115000 nmethod 374 0x00000000029cd690 code [0x00000000029cd7e0, 0x00000000029cd958]
Event: 2.253 Thread 0x0000000055116000  375       3       java.util.zip.ZipFile::getZipEntry (236 bytes)
Event: 2.254 Thread 0x0000000055116000 nmethod 375 0x00000000029d1690 code [0x00000000029d18e0, 0x00000000029d2448]
Event: 2.254 Thread 0x0000000055116000  382       3       java.util.WeakHashMap::remove (133 bytes)
Event: 2.254 Thread 0x0000000055116000 nmethod 382 0x00000000029d0590 code [0x00000000029d0780, 0x00000000029d1228]
Event: 2.254 Thread 0x0000000055116000  381   !   3       java.util.zip.ZipFile$ZipFileInputStream::close (110 bytes)
Event: 2.255 Thread 0x0000000055116000 nmethod 381 0x00000000029d2890 code [0x00000000029d2a40, 0x00000000029d3238]
Event: 2.255 Thread 0x0000000055116000  380       3       java.util.zip.ZipEntry::setExtra0 (360 bytes)

GC Heap History (0 events):
No events

Deoptimization events (0 events):
No events

Internal exceptions (2 events):
Event: 0.057 Thread 0x00000000021de000 Exception <a 'java/lang/NoSuchMethodError': Method sun.misc.Unsafe.defineClass(Ljava/lang/String;[BII)Ljava/lang/Class; name or signature does not match> (0x00000000eab07cc0) thrown at [C:\re\workspace\8-2-build-windows-amd64-cygwin\jdk8u101\7261\hotspot\sçˇù≠?
Event: 0.057 Thread 0x00000000021de000 Exception <a 'java/lang/NoSuchMethodError': Method sun.misc.Unsafe.prefetchRead(Ljava/lang/Object;J)V name or signature does not match> (0x00000000eab07fa8) thrown at [C:\re\workspace\8-2-build-windows-amd64-cygwin\jdk8u101\7261\hotspot\src\share\vm\prims\

Events (10 events):
Event: 2.256 loading class com/android/dx/dex/code/form/Form21h
Event: 2.256 loading class com/android/dx/dex/code/form/Form21h done
Event: 2.257 loading class com/android/dx/dex/code/form/Form51l
Event: 2.257 loading class com/android/dx/dex/code/form/Form51l done
Event: 2.257 loading class com/android/dx/dex/code/form/Form21c
Event: 2.257 loading class com/android/dx/dex/code/form/Form21c done
Event: 2.258 loading class com/android/dx/dex/code/form/Form31c
Event: 2.258 loading class com/android/dx/dex/code/form/Form31c done
Event: 2.258 loading class com/android/dx/dex/code/form/Form22c
Event: 2.258 loading class com/android/dx/dex/code/form/Form22c done


Dynamic libraries:
0x000000013ff70000 - 0x000000013ffa7000 	C:\Program Files\Java\jdk1.8.0_101\bin\java.exe
0x0000000077c40000 - 0x0000000077de9000 	C:\Windows\SYSTEM32\ntdll.dll
0x0000000077b20000 - 0x0000000077c3f000 	C:\Windows\system32\kernel32.dll
0x000007fefdc40000 - 0x000007fefdcab000 	C:\Windows\system32\KERNELBASE.dll
0x000007fefecc0000 - 0x000007fefed9b000 	C:\Windows\system32\ADVAPI32.dll
0x000007feffe90000 - 0x000007fefff2f000 	C:\Windows\system32\msvcrt.dll
0x000007fefff30000 - 0x000007fefff4f000 	C:\Windows\SYSTEM32\sechost.dll
0x000007fefe740000 - 0x000007fefe86d000 	C:\Windows\system32\RPCRT4.dll
0x0000000077a20000 - 0x0000000077b1a000 	C:\Windows\system32\USER32.dll
0x000007fefe2f0000 - 0x000007fefe357000 	C:\Windows\system32\GDI32.dll
0x000007fefec20000 - 0x000007fefec2e000 	C:\Windows\system32\LPK.dll
0x000007fefeb50000 - 0x000007fefec19000 	C:\Windows\system32\USP10.dll
0x000007fefc540000 - 0x000007fefc734000 	C:\Windows\WinSxS\amd64_microsoft.windows.common-controls_6595b64144ccf1df_6.0.7601.17514_none_fa396087175ac9ac\COMCTL32.dll
0x000007fefec40000 - 0x000007fefecb1000 	C:\Windows\system32\SHLWAPI.dll
0x000007fefe360000 - 0x000007fefe38e000 	C:\Windows\system32\IMM32.DLL
0x000007fefe510000 - 0x000007fefe619000 	C:\Windows\system32\MSCTF.dll
0x000000005a930000 - 0x000000005aa02000 	C:\Program Files\Java\jdk1.8.0_101\jre\bin\msvcr100.dll
0x000000006e1c0000 - 0x000000006ea5a000 	C:\Program Files\Java\jdk1.8.0_101\jre\bin\server\jvm.dll
0x000007fef9ff0000 - 0x000007fef9ff9000 	C:\Windows\system32\WSOCK32.dll
0x000007fefe8d0000 - 0x000007fefe91d000 	C:\Windows\system32\WS2_32.dll
0x000007fefec30000 - 0x000007fefec38000 	C:\Windows\system32\NSI.dll
0x000007fefa7e0000 - 0x000007fefa81b000 	C:\Windows\system32\WINMM.dll
0x000007fefccf0000 - 0x000007fefccfc000 	C:\Windows\system32\VERSION.dll
0x0000000077e00000 - 0x0000000077e07000 	C:\Windows\system32\PSAPI.DLL
0x00000000743d0000 - 0x00000000743df000 	C:\Program Files\Java\jdk1.8.0_101\jre\bin\verify.dll
0x00000000743a0000 - 0x00000000743c9000 	C:\Program Files\Java\jdk1.8.0_101\jre\bin\java.dll
0x0000000074380000 - 0x0000000074396000 	C:\Program Files\Java\jdk1.8.0_101\jre\bin\zip.dll
0x000007fefef80000 - 0x000007feffd08000 	C:\Windows\system32\SHELL32.dll
0x000007fefe920000 - 0x000007fefeb23000 	C:\Windows\system32\ole32.dll
0x000007fefdb90000 - 0x000007fefdb9f000 	C:\Windows\system32\profapi.dll

VM Arguments:
jvm_args: -Djava.awt.headless=true -Xmx1024M -Dfile.encoding=windows-1252 -Duser.country=US -Duser.language=en -Duser.variant 
java_command: com.android.dx.command.Main --dex --force-jumbo --num-threads=4 --multi-dex --output D:\MyPC\workplaceproject\EcommerceApp\app\build\intermediates\transforms\dex\debug\folders\1000\10\picasso-2.3.2_0d87c2cc51f94309203781ba03661813a9fafde3 C:\Users\db\.gradle\caches\modules-2\files-2.1\com.squareup.picasso\picasso\2.3.2\d6b7f0093cec6c9faf65dbfd6a6a345d0ed25e27\picasso-2.3.2.jar
java_class_path (initial): C:\Users\db\AppData\Local\Android\Sdk\build-tools\25.0.2\lib\dx.jar
Launcher Type: SUN_STANDARD

Environment Variables:
PATH=C:\Program Files (x86)\Common Files\Intel\Shared Files\cpp\bin\Intel64;C:\Python27\;C:\Python27\Scripts;C:\ProgramData\Oracle\Java\javapath;c:\OraHome_1\bin;c:\OraHome_1\jre\1.4.2\bin\client;c:\OraHome_1\jre\1.4.2\bin;c:\DevSuiteHome_1\jdk\jre\bin\classic;c:\DevSuiteHome_1\jdk\jre\bin;c:\DevSuiteHome_1\jdk\jre\bin\client;c:\DevSuiteHome_1\jlib;c:\DevSuiteHome_1\bin;c:\DevSuiteHome_1\jre\1.4.2\bin\client;c:\DevSuiteHome_1\jre\1.4.2\bin;C:\Windows\system32;C:\Windows;C:\Windows\System32\Wbem;C:\Windows\System32\WindowsPowerShell\v1.0\;C:\Program Files\Java\jdk1.8.0_101\bin;C:\Program Files (x86)\Skype\Phone\;C:\Program Files\nodejs\;C:\Users\db\AppData\Local\atom\bin;C:\Users\db\AppData\Roaming\npm
USERNAME=db
OS=Windows_NT
PROCESSOR_IDENTIFIER=Intel64 Family 6 Model 60 Stepping 3, GenuineIntel



---------------  S Y S T E M  ---------------

OS: Windows 7 , 64 bit Build 7601 (6.1.7601.17514)

CPU:total 4 (2 cores per cpu, 2 threads per core) family 6 model 60 stepping 3, cmov, cx8, fxsr, mmx, sse, sse2, sse3, ssse3, sse4.1, sse4.2, popcnt, avx, avx2, aes, clmul, erms, lzcnt, ht, tsc, tscinvbit, bmi1, bmi2

Memory: 4k page, physical 8256556k(967804k free), swap 9893108k(5080k free)

vm_info: Java HotSpot(TM) 64-Bit Server VM (25.101-b13) for windows-amd64 JRE (1.8.0_101-b13), built on Jun 22 2016 01:21:29 by "java_re" with MS VC++ 10.0 (VS2010)

time: Tue Jun 27 18:29:37 2017
elapsed time: 2 seconds (0d 0h 0m 2s)

