#
# There is insufficient memory for the Java Runtime Environment to continue.
# Native memory allocation (malloc) failed to allocate 289776 bytes for Chunk::new
# Possible reasons:
#   The system is out of physical RAM or swap space
#   In 32 bit mode, the process size limit was hit
# Possible solutions:
#   Reduce memory load on the system
#   Increase physical memory or swap space
#   Check if swap backing store is full
#   Use 64 bit Java on a 64 bit OS
#   Decrease Java heap size (-Xmx/-Xms)
#   Decrease number of Java threads
#   Decrease Java thread stack sizes (-Xss)
#   Set larger code cache with -XX:ReservedCodeCacheSize=
# This output file may be truncated or incomplete.
#
#  Out of Memory Error (allocation.cpp:390), pid=7160, tid=0x0000000000001cbc
#
# JRE version: Java(TM) SE Runtime Environment (8.0_101-b13) (build 1.8.0_101-b13)
# Java VM: Java HotSpot(TM) 64-Bit Server VM (25.101-b13 mixed mode windows-amd64 compressed oops)
# Failed to write core dump. Minidumps are not enabled by default on client versions of Windows
#

---------------  T H R E A D  ---------------

Current thread (0x0000000054f0e000):  JavaThread "C2 CompilerThread0" daemon [_thread_in_native, id=7356, stack(0x0000000056810000,0x0000000056910000)]

Stack: [0x0000000056810000,0x0000000056910000]
[error occurred during error reporting (printing stack bounds), id 0xc0000005]

Native frames: (J=compiled Java code, j=interpreted, Vv=VM code, C=native code)


Current CompileTask:
C2:   2472 1204       4       com.android.dx.ssa.SCCP::simulateStmt (481 bytes)


---------------  P R O C E S S  ---------------

Java Threads: ( => current thread )
  0x0000000056e99000 JavaThread "pool-2-thread-4" [_thread_blocked, id=8136, stack(0x0000000057850000,0x0000000057950000)]
  0x0000000056e98800 JavaThread "pool-2-thread-3" [_thread_blocked, id=9200, stack(0x0000000057320000,0x0000000057420000)]
  0x0000000056e97800 JavaThread "pool-2-thread-2" [_thread_blocked, id=7068, stack(0x00000000575a0000,0x00000000576a0000)]
  0x0000000056e67800 JavaThread "pool-3-thread-1" [_thread_blocked, id=8972, stack(0x0000000057460000,0x0000000057560000)]
  0x0000000056e65000 JavaThread "pool-2-thread-1" [_thread_blocked, id=6068, stack(0x00000000571b0000,0x00000000572b0000)]
  0x0000000056bb2000 JavaThread "Service Thread" daemon [_thread_blocked, id=7608, stack(0x00000000570a0000,0x00000000571a0000)]
  0x0000000054f13000 JavaThread "C1 CompilerThread2" daemon [_thread_blocked, id=9184, stack(0x0000000056a30000,0x0000000056b30000)]
  0x0000000054f12000 JavaThread "C2 CompilerThread1" daemon [_thread_in_native, id=6512, stack(0x00000000560f0000,0x00000000561f0000)]
=>0x0000000054f0e000 JavaThread "C2 CompilerThread0" daemon [_thread_in_native, id=7356, stack(0x0000000056810000,0x0000000056910000)]
  0x0000000054f0b800 JavaThread "Attach Listener" daemon [_thread_blocked, id=7804, stack(0x0000000056680000,0x0000000056780000)]
  0x0000000054f1d000 JavaThread "Signal Dispatcher" daemon [_thread_blocked, id=5392, stack(0x0000000056500000,0x0000000056600000)]
  0x0000000054ef3800 JavaThread "Finalizer" daemon [_thread_blocked, id=5268, stack(0x00000000563c0000,0x00000000564c0000)]
  0x0000000054eb2000 JavaThread "Reference Handler" daemon [_thread_blocked, id=5592, stack(0x0000000056260000,0x0000000056360000)]
  0x000000000015e000 JavaThread "main" [_thread_blocked, id=7724, stack(0x0000000002380000,0x0000000002480000)]

Other Threads:
  0x0000000054eaa800 VMThread [stack: 0x0000000055f90000,0x0000000056090000] [id=9168]
  0x0000000056bc0000 WatcherThread [stack: 0x0000000056f30000,0x0000000057030000] [id=8912]

VM state:not at safepoint (normal execution)

VM Mutex/Monitor currently owned by a thread: None

Heap:
 PSYoungGen      total 37888K, used 22968K [0x00000000eab00000, 0x00000000ef500000, 0x0000000100000000)
  eden space 32768K, 54% used [0x00000000eab00000,0x00000000ebc72ed8,0x00000000ecb00000)
  from space 5120K, 99% used [0x00000000ecb00000,0x00000000ecffb348,0x00000000ed000000)
  to   space 5120K, 0% used [0x00000000ef000000,0x00000000ef000000,0x00000000ef500000)
 ParOldGen       total 86016K, used 1323K [0x00000000c0000000, 0x00000000c5400000, 0x00000000eab00000)
  object space 86016K, 1% used [0x00000000c0000000,0x00000000c014ace0,0x00000000c5400000)
 Metaspace       used 6062K, capacity 6962K, committed 7040K, reserved 1056768K
  class space    used 601K, capacity 618K, committed 640K, reserved 1048576K

Card table byte_map: [0x0000000011b10000,0x0000000011d20000] byte_map_base: 0x0000000011510000

Marking Bits: (ParMarkBitMap*) 0x000000006e9da6d0
 Begin Bits: [0x0000000012320000, 0x0000000013320000)
 End Bits:   [0x0000000013320000, 0x0000000014320000)

Polling page: 0x0000000000140000

CodeCache: size=245760Kb used=5192Kb max_used=5204Kb free=240567Kb
 bounds [0x0000000002750000, 0x0000000002c70000, 0x0000000011750000]
 total_blobs=1580 nmethods=1311 adapters=182
 compilation: enabled

Compilation events (10 events):
Event: 2.440 Thread 0x0000000054f0e000 nmethod 1219 0x0000000002c62910 code [0x0000000002c62a80, 0x0000000002c62d38]
Event: 2.440 Thread 0x0000000054f0e000 1312       4       com.android.dx.rop.code.RegisterSpec$ForComparison::equals (31 bytes)
Event: 2.444 Thread 0x0000000054f0e000 nmethod 1312 0x0000000002c66c50 code [0x0000000002c66dc0, 0x0000000002c67358]
Event: 2.444 Thread 0x0000000054f0e000 1277       4       java.util.ArrayList::grow (45 bytes)
Event: 2.446 Thread 0x0000000054f0e000 nmethod 1277 0x0000000002c62450 code [0x0000000002c625a0, 0x0000000002c627d8]
Event: 2.446 Thread 0x0000000054f0e000 1266       4       com.android.dx.rop.code.InsnList::set (7 bytes)
Event: 2.447 Thread 0x0000000054f0e000 nmethod 1266 0x0000000002c67bd0 code [0x0000000002c67d20, 0x0000000002c67e18]
Event: 2.447 Thread 0x0000000054f0e000 1212       4       com.android.dx.util.FixedSizeList::hashCode (8 bytes)
Event: 2.450 Thread 0x0000000054f0e000 nmethod 1212 0x0000000002c66650 code [0x0000000002c667a0, 0x0000000002c669f8]
Event: 2.450 Thread 0x0000000054f0e000 1204       4       com.android.dx.ssa.SCCP::simulateStmt (481 bytes)

GC Heap History (2 events):
Event: 1.655 GC heap before
{Heap before GC invocations=1 (full 0):
 PSYoungGen      total 37888K, used 32768K [0x00000000eab00000, 0x00000000ed500000, 0x0000000100000000)
  eden space 32768K, 100% used [0x00000000eab00000,0x00000000ecb00000,0x00000000ecb00000)
  from space 5120K, 0% used [0x00000000ed000000,0x00000000ed000000,0x00000000ed500000)
  to   space 5120K, 0% used [0x00000000ecb00000,0x00000000ecb00000,0x00000000ed000000)
 ParOldGen       total 86016K, used 0K [0x00000000c0000000, 0x00000000c5400000, 0x00000000eab00000)
  object space 86016K, 0% used [0x00000000c0000000,0x00000000c0000000,0x00000000c5400000)
 Metaspace       used 5963K, capacity 6898K, committed 7040K, reserved 1056768K
  class space    used 600K, capacity 618K, committed 640K, reserved 1048576K
Event: 1.965 GC heap after
Heap after GC invocations=1 (full 0):
 PSYoungGen      total 37888K, used 5100K [0x00000000eab00000, 0x00000000ef500000, 0x0000000100000000)
  eden space 32768K, 0% used [0x00000000eab00000,0x00000000eab00000,0x00000000ecb00000)
  from space 5120K, 99% used [0x00000000ecb00000,0x00000000ecffb348,0x00000000ed000000)
  to   space 5120K, 0% used [0x00000000ef000000,0x00000000ef000000,0x00000000ef500000)
 ParOldGen       total 86016K, used 1323K [0x00000000c0000000, 0x00000000c5400000, 0x00000000eab00000)
  object space 86016K, 1% used [0x00000000c0000000,0x00000000c014ace0,0x00000000c5400000)
 Metaspace       used 5963K, capacity 6898K, committed 7040K, reserved 1056768K
  class space    used 600K, capacity 618K, committed 640K, reserved 1048576K
}

Deoptimization events (10 events):
Event: 0.965 Thread 0x0000000056e98800 Uncommon trap: reason=unstable_if action=reinterpret pc=0x00000000029727e8 method=java.util.HashMap.getNode(ILjava/lang/Object;)Ljava/util/HashMap$Node; @ 62
Event: 1.438 Thread 0x0000000056e97800 Uncommon trap: reason=unstable_if action=reinterpret pc=0x0000000002a59b24 method=java.util.BitSet.ensureCapacity(I)V @ 6
Event: 1.438 Thread 0x0000000056e97800 Uncommon trap: reason=unstable_if action=reinterpret pc=0x0000000002995260 method=java.util.BitSet.nextSetBit(I)I @ 87
Event: 1.506 Thread 0x0000000056e97800 Uncommon trap: reason=unstable_if action=reinterpret pc=0x0000000002a61270 method=com.android.dx.rop.code.RegisterSpec.equals(ILcom/android/dx/rop/type/TypeBearer;Lcom/android/dx/rop/code/LocalItem;)Z @ 16
Event: 2.331 Thread 0x000000000015e000 Uncommon trap: reason=unstable_if action=reinterpret pc=0x0000000002b17e9c method=com.android.dx.rop.code.RegisterSpecSet.put(Lcom/android/dx/rop/code/RegisterSpec;)V @ 77
Event: 2.331 Thread 0x000000000015e000 Uncommon trap: reason=unstable_if action=reinterpret pc=0x0000000002b69c0c method=com.android.dx.rop.code.RegisterSpecSet.put(Lcom/android/dx/rop/code/RegisterSpec;)V @ 77
Event: 2.338 Thread 0x000000000015e000 Uncommon trap: reason=unstable_if action=reinterpret pc=0x0000000002bc4eac method=com.android.dx.util.IntList.binarysearch(I)I @ 105
Event: 2.345 Thread 0x000000000015e000 Uncommon trap: reason=null_check action=make_not_entrant pc=0x0000000002b96c98 method=com.android.dx.rop.type.Type.equals(Ljava/lang/Object;)Z @ 8
Event: 2.347 Thread 0x000000000015e000 Uncommon trap: reason=bimorphic action=maybe_recompile pc=0x0000000002a5a95c method=java.util.HashMap.getNode(ILjava/lang/Object;)Ljava/util/HashMap$Node; @ 126
Event: 2.427 Thread 0x000000000015e000 Uncommon trap: reason=unstable_if action=reinterpret pc=0x0000000002c40fe4 method=com.android.dx.util.IntList.sort()V @ 8

Internal exceptions (3 events):
Event: 0.089 Thread 0x000000000015e000 Exception <a 'java/lang/NoSuchMethodError': Method sun.misc.Unsafe.defineClass(Ljava/lang/String;[BII)Ljava/lang/Class; name or signature does not match> (0x00000000eab07cc0) thrown at [C:\re\workspace\8-2-build-windows-amd64-cygwin\jdk8u101\7261\hotspot\s”Oâ/å¶?
Event: 0.089 Thread 0x000000000015e000 Exception <a 'java/lang/NoSuchMethodError': Method sun.misc.Unsafe.prefetchRead(Ljava/lang/Object;J)V name or signature does not match> (0x00000000eab07fa8) thrown at [C:\re\workspace\8-2-build-windows-amd64-cygwin\jdk8u101\7261\hotspot\src\share\vm\prims\ÙGÍþÍÂ@
Event: 2.345 Thread 0x000000000015e000 Implicit null exception at 0x0000000002b96b92 to 0x0000000002b96c8a

Events (10 events):
Event: 2.345 Thread 0x000000000015e000 DEOPT PACKING pc=0x0000000002b96c98 sp=0x000000000247e420
Event: 2.345 Thread 0x000000000015e000 DEOPT UNPACKING pc=0x000000000279582a sp=0x000000000247e3a8 mode 2
Event: 2.347 Thread 0x000000000015e000 Uncommon trap: trap_request=0xffffffc6 fr.pc=0x0000000002a5a95c
Event: 2.347 Thread 0x000000000015e000 DEOPT PACKING pc=0x0000000002a5a95c sp=0x000000000247e7c0
Event: 2.347 Thread 0x000000000015e000 DEOPT UNPACKING pc=0x000000000279582a sp=0x000000000247e6f8 mode 2
Event: 2.378 Thread 0x0000000056e97800 DEOPT PACKING pc=0x0000000002a815eb sp=0x000000005769ebf0
Event: 2.378 Thread 0x0000000056e97800 DEOPT UNPACKING pc=0x000000000279787f sp=0x000000005769e988 mode 0
Event: 2.427 Thread 0x000000000015e000 Uncommon trap: trap_request=0xffffff65 fr.pc=0x0000000002c40fe4
Event: 2.427 Thread 0x000000000015e000 DEOPT PACKING pc=0x0000000002c40fe4 sp=0x000000000247e730
Event: 2.428 Thread 0x000000000015e000 DEOPT UNPACKING pc=0x000000000279582a sp=0x000000000247e640 mode 2


Dynamic libraries:
0x000000013ff70000 - 0x000000013ffa7000 	C:\Program Files\Java\jdk1.8.0_101\bin\java.exe
0x0000000077c40000 - 0x0000000077de9000 	C:\Windows\SYSTEM32\ntdll.dll
0x0000000077b20000 - 0x0000000077c3f000 	C:\Windows\system32\kernel32.dll
0x000007fefdc40000 - 0x000007fefdcab000 	C:\Windows\system32\KERNELBASE.dll
0x000007fefecc0000 - 0x000007fefed9b000 	C:\Windows\system32\ADVAPI32.dll
0x000007feffe90000 - 0x000007fefff2f000 	C:\Windows\system32\msvcrt.dll
0x000007fefff30000 - 0x000007fefff4f000 	C:\Windows\SYSTEM32\sechost.dll
0x000007fefe740000 - 0x000007fefe86d000 	C:\Windows\system32\RPCRT4.dll
0x0000000077a20000 - 0x0000000077b1a000 	C:\Windows\system32\USER32.dll
0x000007fefe2f0000 - 0x000007fefe357000 	C:\Windows\system32\GDI32.dll
0x000007fefec20000 - 0x000007fefec2e000 	C:\Windows\system32\LPK.dll
0x000007fefeb50000 - 0x000007fefec19000 	C:\Windows\system32\USP10.dll
0x000007fefc540000 - 0x000007fefc734000 	C:\Windows\WinSxS\amd64_microsoft.windows.common-controls_6595b64144ccf1df_6.0.7601.17514_none_fa396087175ac9ac\COMCTL32.dll
0x000007fefec40000 - 0x000007fefecb1000 	C:\Windows\system32\SHLWAPI.dll
0x000007fefe360000 - 0x000007fefe38e000 	C:\Windows\system32\IMM32.DLL
0x000007fefe510000 - 0x000007fefe619000 	C:\Windows\system32\MSCTF.dll
0x000000005a930000 - 0x000000005aa02000 	C:\Program Files\Java\jdk1.8.0_101\jre\bin\msvcr100.dll
0x000000006e1c0000 - 0x000000006ea5a000 	C:\Program Files\Java\jdk1.8.0_101\jre\bin\server\jvm.dll
0x000007fef9ff0000 - 0x000007fef9ff9000 	C:\Windows\system32\WSOCK32.dll
0x000007fefe8d0000 - 0x000007fefe91d000 	C:\Windows\system32\WS2_32.dll
0x000007fefec30000 - 0x000007fefec38000 	C:\Windows\system32\NSI.dll
0x000007fefa7e0000 - 0x000007fefa81b000 	C:\Windows\system32\WINMM.dll
0x000007fefccf0000 - 0x000007fefccfc000 	C:\Windows\system32\VERSION.dll
0x0000000077e00000 - 0x0000000077e07000 	C:\Windows\system32\PSAPI.DLL
0x00000000743d0000 - 0x00000000743df000 	C:\Program Files\Java\jdk1.8.0_101\jre\bin\verify.dll
0x00000000743a0000 - 0x00000000743c9000 	C:\Program Files\Java\jdk1.8.0_101\jre\bin\java.dll
0x0000000074380000 - 0x0000000074396000 	C:\Program Files\Java\jdk1.8.0_101\jre\bin\zip.dll
0x000007fefef80000 - 0x000007feffd08000 	C:\Windows\system32\SHELL32.dll
0x000007fefe920000 - 0x000007fefeb23000 	C:\Windows\system32\ole32.dll
0x000007fefdb90000 - 0x000007fefdb9f000 	C:\Windows\system32\profapi.dll

VM Arguments:
jvm_args: -Djava.awt.headless=true -Xmx1024M -Dfile.encoding=windows-1252 -Duser.country=US -Duser.language=en -Duser.variant 
java_command: com.android.dx.command.Main --dex --force-jumbo --num-threads=4 --multi-dex --output D:\MyPC\workplaceproject\EcommerceApp\app\build\intermediates\transforms\dex\debug\folders\1000\10\glide-3.7.0_18ac51a9afa1decf41254561d729b7f1aa2a8f8f C:\Users\db\.gradle\caches\modules-2\files-2.1\com.github.bumptech.glide\glide\3.7.0\9e9eeaf9948ee4d6c3ab354e8dc14368f16994a4\glide-3.7.0.jar
java_class_path (initial): C:\Users\db\AppData\Local\Android\Sdk\build-tools\25.0.2\lib\dx.jar
Launcher Type: SUN_STANDARD

Environment Variables:
PATH=C:\Program Files (x86)\Common Files\Intel\Shared Files\cpp\bin\Intel64;C:\Python27\;C:\Python27\Scripts;C:\ProgramData\Oracle\Java\javapath;c:\OraHome_1\bin;c:\OraHome_1\jre\1.4.2\bin\client;c:\OraHome_1\jre\1.4.2\bin;c:\DevSuiteHome_1\jdk\jre\bin\classic;c:\DevSuiteHome_1\jdk\jre\bin;c:\DevSuiteHome_1\jdk\jre\bin\client;c:\DevSuiteHome_1\jlib;c:\DevSuiteHome_1\bin;c:\DevSuiteHome_1\jre\1.4.2\bin\client;c:\DevSuiteHome_1\jre\1.4.2\bin;C:\Windows\system32;C:\Windows;C:\Windows\System32\Wbem;C:\Windows\System32\WindowsPowerShell\v1.0\;C:\Program Files\Java\jdk1.8.0_101\bin;C:\Program Files (x86)\Skype\Phone\;C:\Program Files\nodejs\;C:\Users\db\AppData\Local\atom\bin;C:\Users\db\AppData\Roaming\npm
USERNAME=db
OS=Windows_NT
PROCESSOR_IDENTIFIER=Intel64 Family 6 Model 60 Stepping 3, GenuineIntel



---------------  S Y S T E M  ---------------

OS: Windows 7 , 64 bit Build 7601 (6.1.7601.17514)

CPU:total 4 (2 cores per cpu, 2 threads per core) family 6 model 60 stepping 3, cmov, cx8, fxsr, mmx, sse, sse2, sse3, ssse3, sse4.1, sse4.2, popcnt, avx, avx2, aes, clmul, erms, lzcnt, ht, tsc, tscinvbit, bmi1, bmi2

Memory: 4k page, physical 8256556k(1033076k free), swap 9893108k(5108k free)

vm_info: Java HotSpot(TM) 64-Bit Server VM (25.101-b13) for windows-amd64 JRE (1.8.0_101-b13), built on Jun 22 2016 01:21:29 by "java_re" with MS VC++ 10.0 (VS2010)

time: Tue Jun 27 18:29:43 2017
elapsed time: 2 seconds (0d 0h 0m 2s)

