#
# There is insufficient memory for the Java Runtime Environment to continue.
# Native memory allocation (malloc) failed to allocate 32744 bytes for ChunkPool::allocate
# Possible reasons:
#   The system is out of physical RAM or swap space
#   In 32 bit mode, the process size limit was hit
# Possible solutions:
#   Reduce memory load on the system
#   Increase physical memory or swap space
#   Check if swap backing store is full
#   Use 64 bit Java on a 64 bit OS
#   Decrease Java heap size (-Xmx/-Xms)
#   Decrease number of Java threads
#   Decrease Java thread stack sizes (-Xss)
#   Set larger code cache with -XX:ReservedCodeCacheSize=
# This output file may be truncated or incomplete.
#
#  Out of Memory Error (allocation.cpp:273), pid=6456, tid=0x0000000000001c94
#
# JRE version: Java(TM) SE Runtime Environment (8.0_101-b13) (build 1.8.0_101-b13)
# Java VM: Java HotSpot(TM) 64-Bit Server VM (25.101-b13 mixed mode windows-amd64 compressed oops)
# Failed to write core dump. Minidumps are not enabled by default on client versions of Windows
#

---------------  T H R E A D  ---------------

Current thread (0x0000000054f88000):  JavaThread "C2 CompilerThread1" daemon [_thread_in_native, id=7316, stack(0x0000000056900000,0x0000000056a00000)]

Stack: [0x0000000056900000,0x0000000056a00000]
[error occurred during error reporting (printing stack bounds), id 0xc0000005]

Native frames: (J=compiled Java code, j=interpreted, Vv=VM code, C=native code)


Current CompileTask:
C2:   8116 1864   !   4       com.android.dx.cf.code.BytecodeArray::parseInstruction (2764 bytes)


---------------  P R O C E S S  ---------------

Java Threads: ( => current thread )
  0x0000000056c11000 JavaThread "pool-2-thread-4" [_thread_blocked, id=8504, stack(0x0000000057ba0000,0x0000000057ca0000)]
  0x0000000056be0800 JavaThread "pool-2-thread-3" [_thread_blocked, id=8680, stack(0x00000000579b0000,0x0000000057ab0000)]
  0x0000000056b56000 JavaThread "pool-2-thread-2" [_thread_in_Java, id=8276, stack(0x0000000057790000,0x0000000057890000)]
  0x0000000056b3c800 JavaThread "pool-3-thread-1" [_thread_blocked, id=8688, stack(0x0000000057580000,0x0000000057680000)]
  0x0000000056b47800 JavaThread "pool-2-thread-1" [_thread_in_Java, id=8508, stack(0x00000000573f0000,0x00000000574f0000)]
  0x0000000056a7d800 JavaThread "Service Thread" daemon [_thread_blocked, id=5156, stack(0x0000000057120000,0x0000000057220000)]
  0x0000000056a02000 JavaThread "C1 CompilerThread2" daemon [_thread_blocked, id=8260, stack(0x0000000056fa0000,0x00000000570a0000)]
=>0x0000000054f88000 JavaThread "C2 CompilerThread1" daemon [_thread_in_native, id=7316, stack(0x0000000056900000,0x0000000056a00000)]
  0x0000000054f84000 JavaThread "C2 CompilerThread0" daemon [_thread_in_native, id=7284, stack(0x0000000056720000,0x0000000056820000)]
  0x0000000054f7f800 JavaThread "Attach Listener" daemon [_thread_blocked, id=6280, stack(0x0000000056530000,0x0000000056630000)]
  0x0000000054f8f000 JavaThread "Signal Dispatcher" daemon [_thread_blocked, id=8272, stack(0x0000000055ff0000,0x00000000560f0000)]
  0x0000000054f63800 JavaThread "Finalizer" daemon [_thread_blocked, id=6180, stack(0x0000000056220000,0x0000000056320000)]
  0x0000000054f22000 JavaThread "Reference Handler" daemon [_thread_blocked, id=8704, stack(0x0000000056340000,0x0000000056440000)]
  0x000000000225e000 JavaThread "main" [_thread_in_vm, id=6416, stack(0x0000000002280000,0x0000000002380000)]

Other Threads:
  0x0000000054f1a800 VMThread [stack: 0x0000000056100000,0x0000000056200000] [id=7620]
  0x0000000056a88800 WatcherThread [stack: 0x00000000572c0000,0x00000000573c0000] [id=6732]

VM state:not at safepoint (normal execution)

VM Mutex/Monitor currently owned by a thread: None

Heap:
 PSYoungGen      total 136192K, used 110326K [0x00000000eab00000, 0x00000000f3500000, 0x0000000100000000)
  eden space 131072K, 84% used [0x00000000eab00000,0x00000000f16bda08,0x00000000f2b00000)
  from space 5120K, 0% used [0x00000000f3000000,0x00000000f3000000,0x00000000f3500000)
  to   space 5120K, 0% used [0x00000000f2b00000,0x00000000f2b00000,0x00000000f3000000)
 ParOldGen       total 110592K, used 29645K [0x00000000c0000000, 0x00000000c6c00000, 0x00000000eab00000)
  object space 110592K, 26% used [0x00000000c0000000,0x00000000c1cf3630,0x00000000c6c00000)
 Metaspace       used 5974K, capacity 7088K, committed 7296K, reserved 1056768K
  class space    used 584K, capacity 616K, committed 640K, reserved 1048576K

Card table byte_map: [0x0000000011aa0000,0x0000000011cb0000] byte_map_base: 0x00000000114a0000

Marking Bits: (ParMarkBitMap*) 0x000000006e9da6d0
 Begin Bits: [0x0000000012390000, 0x0000000013390000)
 End Bits:   [0x0000000013390000, 0x0000000014390000)

Polling page: 0x0000000000240000

CodeCache: size=245760Kb used=8103Kb max_used=8110Kb free=237656Kb
 bounds [0x00000000026e0000, 0x0000000002ee0000, 0x00000000116e0000]
 total_blobs=1986 nmethods=1724 adapters=175
 compilation: enabled

Compilation events (10 events):
Event: 8.081 Thread 0x0000000056a02000 1870       3       com.android.dx.ssa.back.LivenessAnalyzer::constructInterferenceGraph (47 bytes)
Event: 8.081 Thread 0x0000000056a02000 nmethod 1870 0x0000000002ec3cd0 code [0x0000000002ec3e80, 0x0000000002ec4298]
Event: 8.099 Thread 0x0000000056a02000 1871       3       com.android.dx.ssa.back.FirstFitLocalCombiningAllocator::handleUnassociatedParameters (60 bytes)
Event: 8.099 Thread 0x0000000056a02000 nmethod 1871 0x0000000002ec3210 code [0x0000000002ec33c0, 0x0000000002ec3a58]
Event: 8.101 Thread 0x0000000056a02000 1872       2       com.android.dx.ssa.back.FirstFitLocalCombiningAllocator::rangeContainsReserved (30 bytes)
Event: 8.101 Thread 0x0000000056a02000 nmethod 1872 0x0000000002ec2d50 code [0x0000000002ec2ec0, 0x0000000002ec30e8]
Event: 8.103 Thread 0x0000000056a02000 1873       2       java.util.TreeMap::entrySet (27 bytes)
Event: 8.104 Thread 0x0000000056a02000 nmethod 1873 0x0000000002ec2990 code [0x0000000002ec2ae0, 0x0000000002ec2cb0]
Event: 8.104 Thread 0x0000000056a02000 1874       2       java.util.TreeMap$EntrySet::iterator (19 bytes)
Event: 8.104 Thread 0x0000000056a02000 nmethod 1874 0x0000000002ec2450 code [0x0000000002ec25c0, 0x0000000002ec2830]

GC Heap History (10 events):
Event: 2.591 GC heap before
{Heap before GC invocations=1 (full 0):
 PSYoungGen      total 37888K, used 32768K [0x00000000eab00000, 0x00000000ed500000, 0x0000000100000000)
  eden space 32768K, 100% used [0x00000000eab00000,0x00000000ecb00000,0x00000000ecb00000)
  from space 5120K, 0% used [0x00000000ed000000,0x00000000ed000000,0x00000000ed500000)
  to   space 5120K, 0% used [0x00000000ecb00000,0x00000000ecb00000,0x00000000ed000000)
 ParOldGen       total 86016K, used 0K [0x00000000c0000000, 0x00000000c5400000, 0x00000000eab00000)
  object space 86016K, 0% used [0x00000000c0000000,0x00000000c0000000,0x00000000c5400000)
 Metaspace       used 5726K, capacity 6832K, committed 7040K, reserved 1056768K
  class space    used 580K, capacity 616K, committed 640K, reserved 1048576K
Event: 2.697 GC heap after
Heap after GC invocations=1 (full 0):
 PSYoungGen      total 37888K, used 5104K [0x00000000eab00000, 0x00000000ef500000, 0x0000000100000000)
  eden space 32768K, 0% used [0x00000000eab00000,0x00000000eab00000,0x00000000ecb00000)
  from space 5120K, 99% used [0x00000000ecb00000,0x00000000ecffc048,0x00000000ed000000)
  to   space 5120K, 0% used [0x00000000ef000000,0x00000000ef000000,0x00000000ef500000)
 ParOldGen       total 86016K, used 966K [0x00000000c0000000, 0x00000000c5400000, 0x00000000eab00000)
  object space 86016K, 1% used [0x00000000c0000000,0x00000000c00f1b10,0x00000000c5400000)
 Metaspace       used 5726K, capacity 6832K, committed 7040K, reserved 1056768K
  class space    used 580K, capacity 616K, committed 640K, reserved 1048576K
}
Event: 3.229 GC heap before
{Heap before GC invocations=2 (full 0):
 PSYoungGen      total 37888K, used 37872K [0x00000000eab00000, 0x00000000ef500000, 0x0000000100000000)
  eden space 32768K, 100% used [0x00000000eab00000,0x00000000ecb00000,0x00000000ecb00000)
  from space 5120K, 99% used [0x00000000ecb00000,0x00000000ecffc048,0x00000000ed000000)
  to   space 5120K, 0% used [0x00000000ef000000,0x00000000ef000000,0x00000000ef500000)
 ParOldGen       total 86016K, used 966K [0x00000000c0000000, 0x00000000c5400000, 0x00000000eab00000)
  object space 86016K, 1% used [0x00000000c0000000,0x00000000c00f1b10,0x00000000c5400000)
 Metaspace       used 5790K, capacity 6896K, committed 7040K, reserved 1056768K
  class space    used 582K, capacity 616K, committed 640K, reserved 1048576K
Event: 3.299 GC heap after
Heap after GC invocations=2 (full 0):
 PSYoungGen      total 70656K, used 5098K [0x00000000eab00000, 0x00000000ef500000, 0x0000000100000000)
  eden space 65536K, 0% used [0x00000000eab00000,0x00000000eab00000,0x00000000eeb00000)
  from space 5120K, 99% used [0x00000000ef000000,0x00000000ef4faa88,0x00000000ef500000)
  to   space 5120K, 0% used [0x00000000eeb00000,0x00000000eeb00000,0x00000000ef000000)
 ParOldGen       total 86016K, used 14326K [0x00000000c0000000, 0x00000000c5400000, 0x00000000eab00000)
  object space 86016K, 16% used [0x00000000c0000000,0x00000000c0dfd9c8,0x00000000c5400000)
 Metaspace       used 5790K, capacity 6896K, committed 7040K, reserved 1056768K
  class space    used 582K, capacity 616K, committed 640K, reserved 1048576K
}
Event: 4.101 GC heap before
{Heap before GC invocations=3 (full 0):
 PSYoungGen      total 70656K, used 70634K [0x00000000eab00000, 0x00000000ef500000, 0x0000000100000000)
  eden space 65536K, 100% used [0x00000000eab00000,0x00000000eeb00000,0x00000000eeb00000)
  from space 5120K, 99% used [0x00000000ef000000,0x00000000ef4faa88,0x00000000ef500000)
  to   space 5120K, 0% used [0x00000000eeb00000,0x00000000eeb00000,0x00000000ef000000)
 ParOldGen       total 86016K, used 14326K [0x00000000c0000000, 0x00000000c5400000, 0x00000000eab00000)
  object space 86016K, 16% used [0x00000000c0000000,0x00000000c0dfd9c8,0x00000000c5400000)
 Metaspace       used 5848K, capacity 6960K, committed 7040K, reserved 1056768K
  class space    used 583K, capacity 616K, committed 640K, reserved 1048576K
Event: 4.218 GC heap after
Heap after GC invocations=3 (full 0):
 PSYoungGen      total 70656K, used 5119K [0x00000000eab00000, 0x00000000f3500000, 0x0000000100000000)
  eden space 65536K, 0% used [0x00000000eab00000,0x00000000eab00000,0x00000000eeb00000)
  from space 5120K, 99% used [0x00000000eeb00000,0x00000000eefffe80,0x00000000ef000000)
  to   space 5120K, 0% used [0x00000000f3000000,0x00000000f3000000,0x00000000f3500000)
 ParOldGen       total 86016K, used 33643K [0x00000000c0000000, 0x00000000c5400000, 0x00000000eab00000)
  object space 86016K, 39% used [0x00000000c0000000,0x00000000c20dacb8,0x00000000c5400000)
 Metaspace       used 5848K, capacity 6960K, committed 7040K, reserved 1056768K
  class space    used 583K, capacity 616K, committed 640K, reserved 1048576K
}
Event: 5.565 GC heap before
{Heap before GC invocations=4 (full 0):
 PSYoungGen      total 70656K, used 70655K [0x00000000eab00000, 0x00000000f3500000, 0x0000000100000000)
  eden space 65536K, 100% used [0x00000000eab00000,0x00000000eeb00000,0x00000000eeb00000)
  from space 5120K, 99% used [0x00000000eeb00000,0x00000000eefffe80,0x00000000ef000000)
  to   space 5120K, 0% used [0x00000000f3000000,0x00000000f3000000,0x00000000f3500000)
 ParOldGen       total 86016K, used 33643K [0x00000000c0000000, 0x00000000c5400000, 0x00000000eab00000)
  object space 86016K, 39% used [0x00000000c0000000,0x00000000c20dacb8,0x00000000c5400000)
 Metaspace       used 5930K, capacity 7024K, committed 7296K, reserved 1056768K
  class space    used 584K, capacity 616K, committed 640K, reserved 1048576K
Event: 5.687 GC heap after
Heap after GC invocations=4 (full 0):
 PSYoungGen      total 136192K, used 5101K [0x00000000eab00000, 0x00000000f3500000, 0x0000000100000000)
  eden space 131072K, 0% used [0x00000000eab00000,0x00000000eab00000,0x00000000f2b00000)
  from space 5120K, 99% used [0x00000000f3000000,0x00000000f34fb570,0x00000000f3500000)
  to   space 5120K, 0% used [0x00000000f2b00000,0x00000000f2b00000,0x00000000f3000000)
 ParOldGen       total 86016K, used 55966K [0x00000000c0000000, 0x00000000c5400000, 0x00000000eab00000)
  object space 86016K, 65% used [0x00000000c0000000,0x00000000c36a7800,0x00000000c5400000)
 Metaspace       used 5930K, capacity 7024K, committed 7296K, reserved 1056768K
  class space    used 584K, capacity 616K, committed 640K, reserved 1048576K
}
Event: 5.687 GC heap before
{Heap before GC invocations=5 (full 1):
 PSYoungGen      total 136192K, used 5101K [0x00000000eab00000, 0x00000000f3500000, 0x0000000100000000)
  eden space 131072K, 0% used [0x00000000eab00000,0x00000000eab00000,0x00000000f2b00000)
  from space 5120K, 99% used [0x00000000f3000000,0x00000000f34fb570,0x00000000f3500000)
  to   space 5120K, 0% used [0x00000000f2b00000,0x00000000f2b00000,0x00000000f3000000)
 ParOldGen       total 86016K, used 55966K [0x00000000c0000000, 0x00000000c5400000, 0x00000000eab00000)
  object space 86016K, 65% used [0x00000000c0000000,0x00000000c36a7800,0x00000000c5400000)
 Metaspace       used 5930K, capacity 7024K, committed 7296K, reserved 1056768K
  class space    used 584K, capacity 616K, committed 640K, reserved 1048576K
Event: 6.259 GC heap after
Heap after GC invocations=5 (full 1):
 PSYoungGen      total 136192K, used 0K [0x00000000eab00000, 0x00000000f3500000, 0x0000000100000000)
  eden space 131072K, 0% used [0x00000000eab00000,0x00000000eab00000,0x00000000f2b00000)
  from space 5120K, 0% used [0x00000000f3000000,0x00000000f3000000,0x00000000f3500000)
  to   space 5120K, 0% used [0x00000000f2b00000,0x00000000f2b00000,0x00000000f3000000)
 ParOldGen       total 110592K, used 29645K [0x00000000c0000000, 0x00000000c6c00000, 0x00000000eab00000)
  object space 110592K, 26% used [0x00000000c0000000,0x00000000c1cf3630,0x00000000c6c00000)
 Metaspace       used 5930K, capacity 7024K, committed 7296K, reserved 1056768K
  class space    used 584K, capacity 616K, committed 640K, reserved 1048576K
}

Deoptimization events (10 events):
Event: 7.731 Thread 0x0000000056b47800 Uncommon trap: reason=class_check action=maybe_recompile pc=0x0000000002b41064 method=java.util.HashMap.putVal(ILjava/lang/Object;Ljava/lang/Object;ZZ)Ljava/lang/Object; @ 203
Event: 7.745 Thread 0x0000000056b47800 Uncommon trap: reason=bimorphic action=maybe_recompile pc=0x0000000002d1d9e4 method=com.android.dx.ssa.SCCP.setLatticeValueTo(IILcom/android/dx/rop/cst/Constant;)Z @ 43
Event: 7.746 Thread 0x0000000056b47800 Uncommon trap: reason=bimorphic action=maybe_recompile pc=0x0000000002b038e4 method=java.util.HashMap.getNode(ILjava/lang/Object;)Ljava/util/HashMap$Node; @ 126
Event: 7.749 Thread 0x0000000056b47800 Uncommon trap: reason=bimorphic action=maybe_recompile pc=0x0000000002d1d9e4 method=com.android.dx.ssa.SCCP.setLatticeValueTo(IILcom/android/dx/rop/cst/Constant;)Z @ 43
Event: 7.750 Thread 0x0000000056b47800 Uncommon trap: reason=unstable_if action=reinterpret pc=0x0000000002d91294 method=com.android.dx.rop.code.RegisterSpecSet.localItemToSpec(Lcom/android/dx/rop/code/LocalItem;)Lcom/android/dx/rop/code/RegisterSpec; @ 35
Event: 7.766 Thread 0x0000000056b47800 Uncommon trap: reason=bimorphic action=maybe_recompile pc=0x0000000002d1d9e4 method=com.android.dx.ssa.SCCP.setLatticeValueTo(IILcom/android/dx/rop/cst/Constant;)Z @ 43
Event: 7.772 Thread 0x0000000056b47800 Uncommon trap: reason=bimorphic action=maybe_recompile pc=0x0000000002b038e4 method=java.util.HashMap.getNode(ILjava/lang/Object;)Ljava/util/HashMap$Node; @ 126
Event: 7.822 Thread 0x0000000056b47800 Uncommon trap: reason=class_check action=maybe_recompile pc=0x0000000002c43f40 method=com.android.dx.cf.code.BaseMachine.addResult(Lcom/android/dx/rop/type/TypeBearer;)V @ 23
Event: 7.856 Thread 0x0000000056b47800 Uncommon trap: reason=bimorphic action=maybe_recompile pc=0x0000000002bb5374 method=com.android.dx.cf.code.BytecodeArray.parseInstruction(ILcom/android/dx/cf/code/BytecodeArray$Visitor;)I @ 1287
Event: 7.856 Thread 0x0000000056b47800 Uncommon trap: reason=bimorphic action=maybe_recompile pc=0x0000000002bb5374 method=com.android.dx.cf.code.BytecodeArray.parseInstruction(ILcom/android/dx/cf/code/BytecodeArray$Visitor;)I @ 1287

Internal exceptions (2 events):
Event: 0.083 Thread 0x000000000225e000 Exception <a 'java/lang/NoSuchMethodError': Method sun.misc.Unsafe.defineClass(Ljava/lang/String;[BII)Ljava/lang/Class; name or signature does not match> (0x00000000eab07cc0) thrown at [C:\re\workspace\8-2-build-windows-amd64-cygwin\jdk8u101\7261\hotspot\s»S±:µ?
Event: 0.083 Thread 0x000000000225e000 Exception <a 'java/lang/NoSuchMethodError': Method sun.misc.Unsafe.prefetchRead(Ljava/lang/Object;J)V name or signature does not match> (0x00000000eab07fa8) thrown at [C:\re\workspace\8-2-build-windows-amd64-cygwin\jdk8u101\7261\hotspot\src\share\vm\prims\

Events (10 events):
Event: 7.980 Thread 0x0000000056b47800 DEOPT PACKING pc=0x0000000002c47f50 sp=0x00000000574eeb50
Event: 7.980 Thread 0x0000000056b47800 DEOPT UNPACKING pc=0x000000000272787f sp=0x00000000574ee8c8 mode 0
Event: 8.034 Thread 0x0000000056b47800 DEOPT PACKING pc=0x0000000002b0fa79 sp=0x00000000574eea20
Event: 8.034 Thread 0x0000000056b47800 DEOPT UNPACKING pc=0x000000000272787f sp=0x00000000574ee7b0 mode 0
Event: 8.071 Thread 0x0000000056b47800 DEOPT PACKING pc=0x0000000002c72c92 sp=0x00000000574eeb30
Event: 8.071 Thread 0x0000000056b47800 DEOPT UNPACKING pc=0x000000000272787f sp=0x00000000574ee8e8 mode 0
Event: 8.081 Thread 0x0000000056b47800 DEOPT PACKING pc=0x0000000002c840f5 sp=0x00000000574eec10
Event: 8.081 Thread 0x0000000056b47800 DEOPT UNPACKING pc=0x000000000272787f sp=0x00000000574ee960 mode 0
Event: 8.099 Thread 0x0000000056b47800 DEOPT PACKING pc=0x0000000002c8793b sp=0x00000000574eea90
Event: 8.099 Thread 0x0000000056b47800 DEOPT UNPACKING pc=0x000000000272787f sp=0x00000000574ee7d8 mode 0


Dynamic libraries:
0x000000013ff70000 - 0x000000013ffa7000 	C:\Program Files\Java\jdk1.8.0_101\bin\java.exe
0x0000000077c40000 - 0x0000000077de9000 	C:\Windows\SYSTEM32\ntdll.dll
0x0000000077b20000 - 0x0000000077c3f000 	C:\Windows\system32\kernel32.dll
0x000007fefdc40000 - 0x000007fefdcab000 	C:\Windows\system32\KERNELBASE.dll
0x000007fefecc0000 - 0x000007fefed9b000 	C:\Windows\system32\ADVAPI32.dll
0x000007feffe90000 - 0x000007fefff2f000 	C:\Windows\system32\msvcrt.dll
0x000007fefff30000 - 0x000007fefff4f000 	C:\Windows\SYSTEM32\sechost.dll
0x000007fefe740000 - 0x000007fefe86d000 	C:\Windows\system32\RPCRT4.dll
0x0000000077a20000 - 0x0000000077b1a000 	C:\Windows\system32\USER32.dll
0x000007fefe2f0000 - 0x000007fefe357000 	C:\Windows\system32\GDI32.dll
0x000007fefec20000 - 0x000007fefec2e000 	C:\Windows\system32\LPK.dll
0x000007fefeb50000 - 0x000007fefec19000 	C:\Windows\system32\USP10.dll
0x000007fefc540000 - 0x000007fefc734000 	C:\Windows\WinSxS\amd64_microsoft.windows.common-controls_6595b64144ccf1df_6.0.7601.17514_none_fa396087175ac9ac\COMCTL32.dll
0x000007fefec40000 - 0x000007fefecb1000 	C:\Windows\system32\SHLWAPI.dll
0x000007fefe360000 - 0x000007fefe38e000 	C:\Windows\system32\IMM32.DLL
0x000007fefe510000 - 0x000007fefe619000 	C:\Windows\system32\MSCTF.dll
0x000000005a930000 - 0x000000005aa02000 	C:\Program Files\Java\jdk1.8.0_101\jre\bin\msvcr100.dll
0x000000006e1c0000 - 0x000000006ea5a000 	C:\Program Files\Java\jdk1.8.0_101\jre\bin\server\jvm.dll
0x000007fef9ff0000 - 0x000007fef9ff9000 	C:\Windows\system32\WSOCK32.dll
0x000007fefe8d0000 - 0x000007fefe91d000 	C:\Windows\system32\WS2_32.dll
0x000007fefec30000 - 0x000007fefec38000 	C:\Windows\system32\NSI.dll
0x000007fefa7e0000 - 0x000007fefa81b000 	C:\Windows\system32\WINMM.dll
0x000007fefccf0000 - 0x000007fefccfc000 	C:\Windows\system32\VERSION.dll
0x0000000077e00000 - 0x0000000077e07000 	C:\Windows\system32\PSAPI.DLL
0x00000000743d0000 - 0x00000000743df000 	C:\Program Files\Java\jdk1.8.0_101\jre\bin\verify.dll
0x00000000743a0000 - 0x00000000743c9000 	C:\Program Files\Java\jdk1.8.0_101\jre\bin\java.dll
0x0000000074380000 - 0x0000000074396000 	C:\Program Files\Java\jdk1.8.0_101\jre\bin\zip.dll
0x000007fefef80000 - 0x000007feffd08000 	C:\Windows\system32\SHELL32.dll
0x000007fefe920000 - 0x000007fefeb23000 	C:\Windows\system32\ole32.dll
0x000007fefdb90000 - 0x000007fefdb9f000 	C:\Windows\system32\profapi.dll

VM Arguments:
jvm_args: -Djava.awt.headless=true -Xmx1024M -Dfile.encoding=windows-1252 -Duser.country=US -Duser.language=en -Duser.variant 
java_command: com.android.dx.command.Main --dex --force-jumbo --num-threads=4 --multi-dex --output D:\MyPC\workplaceproject\EcommerceApp\app\build\intermediates\transforms\dex\debug\folders\1000\5\slice_6 D:\MyPC\workplaceproject\EcommerceApp\app\build\intermediates\transforms\instantRunSlicer\debug\folders\1\5\slice_6
java_class_path (initial): C:\Users\db\AppData\Local\Android\Sdk\build-tools\25.0.2\lib\dx.jar
Launcher Type: SUN_STANDARD

Environment Variables:
PATH=C:\Program Files (x86)\Common Files\Intel\Shared Files\cpp\bin\Intel64;C:\Python27\;C:\Python27\Scripts;C:\ProgramData\Oracle\Java\javapath;c:\OraHome_1\bin;c:\OraHome_1\jre\1.4.2\bin\client;c:\OraHome_1\jre\1.4.2\bin;c:\DevSuiteHome_1\jdk\jre\bin\classic;c:\DevSuiteHome_1\jdk\jre\bin;c:\DevSuiteHome_1\jdk\jre\bin\client;c:\DevSuiteHome_1\jlib;c:\DevSuiteHome_1\bin;c:\DevSuiteHome_1\jre\1.4.2\bin\client;c:\DevSuiteHome_1\jre\1.4.2\bin;C:\Windows\system32;C:\Windows;C:\Windows\System32\Wbem;C:\Windows\System32\WindowsPowerShell\v1.0\;C:\Program Files\Java\jdk1.8.0_101\bin;C:\Program Files (x86)\Skype\Phone\;C:\Program Files\nodejs\;C:\Users\db\AppData\Local\atom\bin;C:\Users\db\AppData\Roaming\npm
USERNAME=db
OS=Windows_NT
PROCESSOR_IDENTIFIER=Intel64 Family 6 Model 60 Stepping 3, GenuineIntel



---------------  S Y S T E M  ---------------

OS: Windows 7 , 64 bit Build 7601 (6.1.7601.17514)

CPU:total 4 (2 cores per cpu, 2 threads per core) family 6 model 60 stepping 3, cmov, cx8, fxsr, mmx, sse, sse2, sse3, ssse3, sse4.1, sse4.2, popcnt, avx, avx2, aes, clmul, erms, lzcnt, ht, tsc, tscinvbit, bmi1, bmi2

Memory: 4k page, physical 8256556k(886244k free), swap 9893108k(5116k free)

vm_info: Java HotSpot(TM) 64-Bit Server VM (25.101-b13) for windows-amd64 JRE (1.8.0_101-b13), built on Jun 22 2016 01:21:29 by "java_re" with MS VC++ 10.0 (VS2010)

time: Tue Jun 27 18:29:52 2017
elapsed time: 8 seconds (0d 0h 0m 8s)

